This is pdfTeX, Version 3.14159265-2.6-1.40.16 (TeX Live 2015/Debian) (preloaded format=pdflatex 2016.8.28)  28 AUG 2016 01:27
entering extended mode
 restricted \write18 enabled.
 %&-line parsing enabled.
**main.tex
(./main.tex
LaTeX2e <2016/02/01>
Babel <3.9q> and hyphenation patterns for 5 language(s) loaded.
(/usr/share/texlive/texmf-dist/tex/latex/base/article.cls
Document Class: article 2014/09/29 v1.4h Standard LaTeX document class
(/usr/share/texlive/texmf-dist/tex/latex/base/size10.clo
File: size10.clo 2014/09/29 v1.4h Standard LaTeX file (size option)
)
\c@part=\count79
\c@section=\count80
\c@subsection=\count81
\c@subsubsection=\count82
\c@paragraph=\count83
\c@subparagraph=\count84
\c@figure=\count85
\c@table=\count86
\abovecaptionskip=\skip41
\belowcaptionskip=\skip42
\bibindent=\dimen102
)
(/usr/share/texlive/texmf-dist/tex/latex/fancyhdr/fancyhdr.sty
\fancy@headwidth=\skip43
\f@ncyO@elh=\skip44
\f@ncyO@erh=\skip45
\f@ncyO@olh=\skip46
\f@ncyO@orh=\skip47
\f@ncyO@elf=\skip48
\f@ncyO@erf=\skip49
\f@ncyO@olf=\skip50
\f@ncyO@orf=\skip51
)
(/usr/share/texlive/texmf-dist/tex/latex/graphics/graphicx.sty
Package: graphicx 2014/10/28 v1.0g Enhanced LaTeX Graphics (DPC,SPQR)

(/usr/share/texlive/texmf-dist/tex/latex/graphics/keyval.sty
Package: keyval 2014/10/28 v1.15 key=value parser (DPC)
\KV@toks@=\toks14
)
(/usr/share/texlive/texmf-dist/tex/latex/graphics/graphics.sty
Package: graphics 2016/01/03 v1.0q Standard LaTeX Graphics (DPC,SPQR)

(/usr/share/texlive/texmf-dist/tex/latex/graphics/trig.sty
Package: trig 2016/01/03 v1.10 sin cos tan (DPC)
)
(/usr/share/texlive/texmf-dist/tex/latex/latexconfig/graphics.cfg
File: graphics.cfg 2010/04/23 v1.9 graphics configuration of TeX Live
)
Package graphics Info: Driver file: pdftex.def on input line 95.

(/usr/share/texlive/texmf-dist/tex/latex/pdftex-def/pdftex.def
File: pdftex.def 2011/05/27 v0.06d Graphics/color for pdfTeX

(/usr/share/texlive/texmf-dist/tex/generic/oberdiek/infwarerr.sty
Package: infwarerr 2010/04/08 v1.3 Providing info/warning/error messages (HO)
)
(/usr/share/texlive/texmf-dist/tex/generic/oberdiek/ltxcmds.sty
Package: ltxcmds 2011/11/09 v1.22 LaTeX kernel commands for general use (HO)
)
\Gread@gobject=\count87
))
\Gin@req@height=\dimen103
\Gin@req@width=\dimen104
)
(/usr/share/texlive/texmf-dist/tex/latex/sidecap/sidecap.sty
Package: sidecap 2003/06/06 v1.6f SideCap Package (RN/HjG)

(/usr/share/texlive/texmf-dist/tex/latex/base/ifthen.sty
Package: ifthen 2014/09/29 v1.1c Standard LaTeX ifthen package (DPC)
)
\SC@BOXWD=\dimen105
\SC@CAPWD=\dimen106
\SC@tempdima=\dimen107
\SC@tempdimb=\dimen108
\c@SC@C=\count88
\SC@BOX=\box26
)
(/usr/share/texlive/texmf-dist/tex/latex/listings/listings.sty
\lst@mode=\count89
\lst@gtempboxa=\box27
\lst@token=\toks15
\lst@length=\count90
\lst@currlwidth=\dimen109
\lst@column=\count91
\lst@pos=\count92
\lst@lostspace=\dimen110
\lst@width=\dimen111
\lst@newlines=\count93
\lst@lineno=\count94
\lst@maxwidth=\dimen112

(/usr/share/texlive/texmf-dist/tex/latex/listings/lstmisc.sty
File: lstmisc.sty 2015/06/04 1.6 (Carsten Heinz)
\c@lstnumber=\count95
\lst@skipnumbers=\count96
\lst@framebox=\box28
)
(/usr/share/texlive/texmf-dist/tex/latex/listings/listings.cfg
File: listings.cfg 2015/06/04 1.6 listings configuration
))
Package: listings 2015/06/04 1.6 (Carsten Heinz)

(/usr/share/texlive/texmf-dist/tex/latex/graphics/color.sty
Package: color 2016/01/03 v1.1b Standard LaTeX Color (DPC)

(/usr/share/texlive/texmf-dist/tex/latex/latexconfig/color.cfg
File: color.cfg 2007/01/18 v1.5 color configuration of teTeX/TeXLive
)
Package color Info: Driver file: pdftex.def on input line 143.
)
(/usr/share/texlive/texmf-dist/tex/latex/adjustbox/adjustbox.sty
Package: adjustbox 2012/05/21 v1.0 Adjusting TeX boxes (trim, clip, ...)

(/usr/share/texlive/texmf-dist/tex/latex/xkeyval/xkeyval.sty
Package: xkeyval 2014/12/03 v2.7a package option processing (HA)

(/usr/share/texlive/texmf-dist/tex/generic/xkeyval/xkeyval.tex
(/usr/share/texlive/texmf-dist/tex/generic/xkeyval/xkvutils.tex
\XKV@toks=\toks16
\XKV@tempa@toks=\toks17
)
\XKV@depth=\count97
File: xkeyval.tex 2014/12/03 v2.7a key=value parser (HA)
))
(/usr/share/texlive/texmf-dist/tex/latex/adjustbox/adjcalc.sty
Package: adjcalc 2012/05/16 v1.1 Provides advanced setlength with multiple back
-ends (calc, etex, pgfmath)
)
(/usr/share/texlive/texmf-dist/tex/latex/adjustbox/trimclip.sty
Package: trimclip 2012/05/16 v1.0 Trim and clip general TeX material

(/usr/share/texlive/texmf-dist/tex/latex/collectbox/collectbox.sty
Package: collectbox 2012/05/17 v0.4b Collect macro arguments as boxes
\collectedbox=\box29
)
\tc@llx=\dimen113
\tc@lly=\dimen114
\tc@urx=\dimen115
\tc@ury=\dimen116
Package trimclip Info: Using driver 'tc-pdftex.def'.

(/usr/share/texlive/texmf-dist/tex/latex/adjustbox/tc-pdftex.def
File: tc-pdftex.def 2012/05/13 v1.0 Clipping driver for pdftex
))
\adjbox@Width=\dimen117
\adjbox@Height=\dimen118
\adjbox@Depth=\dimen119
\adjbox@Totalheight=\dimen120

(/usr/share/texlive/texmf-dist/tex/latex/ifoddpage/ifoddpage.sty
Package: ifoddpage 2011/09/13 v1.0 Conditionals for odd/even page detection
\c@checkoddpage=\count98
)
(/usr/share/texlive/texmf-dist/tex/latex/varwidth/varwidth.sty
Package: varwidth 2009/03/30 ver 0.92;  Variable-width minipages
\@vwid@box=\box30
\sift@deathcycles=\count99
\@vwid@loff=\dimen121
\@vwid@roff=\dimen122
))
(/usr/share/texlive/texmf-dist/tex/latex/caption/subcaption.sty
Package: subcaption 2016/02/20 v1.1-142 Sub-captions (AR)

(/usr/share/texlive/texmf-dist/tex/latex/caption/caption.sty
Package: caption 2016/02/21 v3.3-144 Customizing captions (AR)

(/usr/share/texlive/texmf-dist/tex/latex/caption/caption3.sty
Package: caption3 2016/02/04 v1.7-139 caption3 kernel (AR)
Package caption3 Info: TeX engine: e-TeX on input line 67.
\captionmargin=\dimen123
\captionmargin@=\dimen124
\captionwidth=\dimen125
\caption@tempdima=\dimen126
\caption@indent=\dimen127
\caption@parindent=\dimen128
\caption@hangindent=\dimen129
)
\c@ContinuedFloat=\count100
Package caption Info: listings package is loaded.
Package caption Info: sidecap package is loaded.
)
\c@subfigure=\count101
\c@subtable=\count102
)
(/usr/share/texlive/texmf-dist/tex/latex/filecontents/filecontents.sty
Package: filecontents 2011/10/08 v1.3 Create an external file from within a LaT
eX document
)
(/usr/share/texlive/texmf-dist/tex/latex/pgf/utilities/pgffor.sty
(/usr/share/texlive/texmf-dist/tex/latex/pgf/utilities/pgfrcs.sty
(/usr/share/texlive/texmf-dist/tex/generic/pgf/utilities/pgfutil-common.tex
\pgfutil@everybye=\toks18
\pgfutil@tempdima=\dimen130
\pgfutil@tempdimb=\dimen131

(/usr/share/texlive/texmf-dist/tex/generic/pgf/utilities/pgfutil-common-lists.t
ex)) (/usr/share/texlive/texmf-dist/tex/generic/pgf/utilities/pgfutil-latex.def
\pgfutil@abb=\box31
(/usr/share/texlive/texmf-dist/tex/latex/ms/everyshi.sty
Package: everyshi 2001/05/15 v3.00 EveryShipout Package (MS)
))
(/usr/share/texlive/texmf-dist/tex/generic/pgf/utilities/pgfrcs.code.tex
Package: pgfrcs 2015/08/07 v3.0.1a (rcs-revision 1.31)
))
(/usr/share/texlive/texmf-dist/tex/latex/pgf/utilities/pgfkeys.sty
(/usr/share/texlive/texmf-dist/tex/generic/pgf/utilities/pgfkeys.code.tex
\pgfkeys@pathtoks=\toks19
\pgfkeys@temptoks=\toks20

(/usr/share/texlive/texmf-dist/tex/generic/pgf/utilities/pgfkeysfiltered.code.t
ex
\pgfkeys@tmptoks=\toks21
))) (/usr/share/texlive/texmf-dist/tex/latex/pgf/math/pgfmath.sty
(/usr/share/texlive/texmf-dist/tex/generic/pgf/math/pgfmath.code.tex
(/usr/share/texlive/texmf-dist/tex/generic/pgf/math/pgfmathcalc.code.tex
(/usr/share/texlive/texmf-dist/tex/generic/pgf/math/pgfmathutil.code.tex
\pgf@x=\dimen132
\pgf@xa=\dimen133
\pgf@xb=\dimen134
\pgf@xc=\dimen135
\pgf@y=\dimen136
\pgf@ya=\dimen137
\pgf@yb=\dimen138
\pgf@yc=\dimen139
\c@pgf@counta=\count103
\c@pgf@countb=\count104
\c@pgf@countc=\count105
\c@pgf@countd=\count106
)
(/usr/share/texlive/texmf-dist/tex/generic/pgf/math/pgfmathparser.code.tex
\pgfmath@dimen=\dimen140
\pgfmath@count=\count107
\pgfmath@box=\box32
\pgfmath@toks=\toks22
\pgfmath@stack@operand=\toks23
\pgfmath@stack@operation=\toks24
)
(/usr/share/texlive/texmf-dist/tex/generic/pgf/math/pgfmathfunctions.code.tex
(/usr/share/texlive/texmf-dist/tex/generic/pgf/math/pgfmathfunctions.basic.code
.tex)
(/usr/share/texlive/texmf-dist/tex/generic/pgf/math/pgfmathfunctions.trigonomet
ric.code.tex)
(/usr/share/texlive/texmf-dist/tex/generic/pgf/math/pgfmathfunctions.random.cod
e.tex)
(/usr/share/texlive/texmf-dist/tex/generic/pgf/math/pgfmathfunctions.comparison
.code.tex)
(/usr/share/texlive/texmf-dist/tex/generic/pgf/math/pgfmathfunctions.base.code.
tex)
(/usr/share/texlive/texmf-dist/tex/generic/pgf/math/pgfmathfunctions.round.code
.tex)
(/usr/share/texlive/texmf-dist/tex/generic/pgf/math/pgfmathfunctions.misc.code.
tex)
(/usr/share/texlive/texmf-dist/tex/generic/pgf/math/pgfmathfunctions.integerari
thmetics.code.tex)))
(/usr/share/texlive/texmf-dist/tex/generic/pgf/math/pgfmathfloat.code.tex
\c@pgfmathroundto@lastzeros=\count108
)))
(/usr/share/texlive/texmf-dist/tex/generic/pgf/utilities/pgffor.code.tex
Package: pgffor 2013/12/13 v3.0.1a (rcs-revision 1.25)

(/usr/share/texlive/texmf-dist/tex/generic/pgf/math/pgfmath.code.tex)
\pgffor@iter=\dimen141
\pgffor@skip=\dimen142
\pgffor@stack=\toks25
\pgffor@toks=\toks26
))
(/usr/share/texlive/texmf-dist/tex/latex/forloop/forloop.sty
Package: forloop 2006/09/18 v3.0 For Loops for LaTeX
)
(/usr/share/texlive/texmf-dist/tex/latex/amsmath/amsmath.sty
Package: amsmath 2016/03/03 v2.15a AMS math features
\@mathmargin=\skip52

For additional information on amsmath, use the `?' option.
(/usr/share/texlive/texmf-dist/tex/latex/amsmath/amstext.sty
Package: amstext 2000/06/29 v2.01 AMS text

(/usr/share/texlive/texmf-dist/tex/latex/amsmath/amsgen.sty
File: amsgen.sty 1999/11/30 v2.0 generic functions
\@emptytoks=\toks27
\ex@=\dimen143
))
(/usr/share/texlive/texmf-dist/tex/latex/amsmath/amsbsy.sty
Package: amsbsy 1999/11/29 v1.2d Bold Symbols
\pmbraise@=\dimen144
)
(/usr/share/texlive/texmf-dist/tex/latex/amsmath/amsopn.sty
Package: amsopn 1999/12/14 v2.01 operator names
)
\inf@bad=\count109
LaTeX Info: Redefining \frac on input line 199.
\uproot@=\count110
\leftroot@=\count111
LaTeX Info: Redefining \overline on input line 297.
\classnum@=\count112
\DOTSCASE@=\count113
LaTeX Info: Redefining \ldots on input line 394.
LaTeX Info: Redefining \dots on input line 397.
LaTeX Info: Redefining \cdots on input line 518.
\Mathstrutbox@=\box33
\strutbox@=\box34
\big@size=\dimen145
LaTeX Font Info:    Redeclaring font encoding OML on input line 630.
LaTeX Font Info:    Redeclaring font encoding OMS on input line 631.
\macc@depth=\count114
\c@MaxMatrixCols=\count115
\dotsspace@=\muskip10
\c@parentequation=\count116
\dspbrk@lvl=\count117
\tag@help=\toks28
\row@=\count118
\column@=\count119
\maxfields@=\count120
\andhelp@=\toks29
\eqnshift@=\dimen146
\alignsep@=\dimen147
\tagshift@=\dimen148
\tagwidth@=\dimen149
\totwidth@=\dimen150
\lineht@=\dimen151
\@envbody=\toks30
\multlinegap=\skip53
\multlinetaggap=\skip54
\mathdisplay@stack=\toks31
LaTeX Info: Redefining \[ on input line 2735.
LaTeX Info: Redefining \] on input line 2736.
)
(/usr/share/texlive/texmf-dist/tex/latex/amsfonts/amssymb.sty
Package: amssymb 2013/01/14 v3.01 AMS font symbols

(/usr/share/texlive/texmf-dist/tex/latex/amsfonts/amsfonts.sty
Package: amsfonts 2013/01/14 v3.01 Basic AMSFonts support
\symAMSa=\mathgroup4
\symAMSb=\mathgroup5
LaTeX Font Info:    Overwriting math alphabet `\mathfrak' in version `bold'
(Font)                  U/euf/m/n --> U/euf/b/n on input line 106.
))
(/usr/share/texlive/texmf-dist/tex/latex/lineno/lineno.sty
Package: lineno 2005/11/02 line numbers on paragraphs v4.41
\linenopenalty=\count121
\output=\toks32
\linenoprevgraf=\count122
\linenumbersep=\dimen152
\linenumberwidth=\dimen153
\c@linenumber=\count123
\c@pagewiselinenumber=\count124
\c@LN@truepage=\count125
\c@internallinenumber=\count126
\c@internallinenumbers=\count127
\quotelinenumbersep=\dimen154
\bframerule=\dimen155
\bframesep=\dimen156
\bframebox=\box35
LaTeX Info: Redefining \\ on input line 3056.
)
(/usr/share/texlive/texmf-dist/tex/latex/hyperref/hyperref.sty
Package: hyperref 2012/11/06 v6.83m Hypertext links for LaTeX

(/usr/share/texlive/texmf-dist/tex/generic/oberdiek/hobsub-hyperref.sty
Package: hobsub-hyperref 2012/05/28 v1.13 Bundle oberdiek, subset hyperref (HO)


(/usr/share/texlive/texmf-dist/tex/generic/oberdiek/hobsub-generic.sty
Package: hobsub-generic 2012/05/28 v1.13 Bundle oberdiek, subset generic (HO)
Package: hobsub 2012/05/28 v1.13 Construct package bundles (HO)
Package hobsub Info: Skipping package `infwarerr' (already loaded).
Package hobsub Info: Skipping package `ltxcmds' (already loaded).
Package: ifluatex 2010/03/01 v1.3 Provides the ifluatex switch (HO)
Package ifluatex Info: LuaTeX not detected.
Package: ifvtex 2010/03/01 v1.5 Detect VTeX and its facilities (HO)
Package ifvtex Info: VTeX not detected.
Package: intcalc 2007/09/27 v1.1 Expandable calculations with integers (HO)
Package: ifpdf 2011/01/30 v2.3 Provides the ifpdf switch (HO)
Package ifpdf Info: pdfTeX in PDF mode is detected.
Package: etexcmds 2011/02/16 v1.5 Avoid name clashes with e-TeX commands (HO)
Package etexcmds Info: Could not find \expanded.
(etexcmds)             That can mean that you are not using pdfTeX 1.50 or
(etexcmds)             that some package has redefined \expanded.
(etexcmds)             In the latter case, load this package earlier.
Package: kvsetkeys 2012/04/25 v1.16 Key value parser (HO)
Package: kvdefinekeys 2011/04/07 v1.3 Define keys (HO)
Package: pdftexcmds 2011/11/29 v0.20 Utility functions of pdfTeX for LuaTeX (HO
)
Package pdftexcmds Info: LuaTeX not detected.
Package pdftexcmds Info: \pdf@primitive is available.
Package pdftexcmds Info: \pdf@ifprimitive is available.
Package pdftexcmds Info: \pdfdraftmode found.
Package: pdfescape 2011/11/25 v1.13 Implements pdfTeX's escape features (HO)
Package: bigintcalc 2012/04/08 v1.3 Expandable calculations on big integers (HO
)
Package: bitset 2011/01/30 v1.1 Handle bit-vector datatype (HO)
Package: uniquecounter 2011/01/30 v1.2 Provide unlimited unique counter (HO)
)
Package hobsub Info: Skipping package `hobsub' (already loaded).
Package: letltxmacro 2010/09/02 v1.4 Let assignment for LaTeX macros (HO)
Package: hopatch 2012/05/28 v1.2 Wrapper for package hooks (HO)
Package: xcolor-patch 2011/01/30 xcolor patch
Package: atveryend 2011/06/30 v1.8 Hooks at the very end of document (HO)
Package atveryend Info: \enddocument detected (standard20110627).
Package: atbegshi 2011/10/05 v1.16 At begin shipout hook (HO)
Package: refcount 2011/10/16 v3.4 Data extraction from label references (HO)
Package: hycolor 2011/01/30 v1.7 Color options for hyperref/bookmark (HO)
)
(/usr/share/texlive/texmf-dist/tex/generic/ifxetex/ifxetex.sty
Package: ifxetex 2010/09/12 v0.6 Provides ifxetex conditional
)
(/usr/share/texlive/texmf-dist/tex/latex/oberdiek/auxhook.sty
Package: auxhook 2011/03/04 v1.3 Hooks for auxiliary files (HO)
)
(/usr/share/texlive/texmf-dist/tex/latex/oberdiek/kvoptions.sty
Package: kvoptions 2011/06/30 v3.11 Key value format for package options (HO)
)
\@linkdim=\dimen157
\Hy@linkcounter=\count128
\Hy@pagecounter=\count129

(/usr/share/texlive/texmf-dist/tex/latex/hyperref/pd1enc.def
File: pd1enc.def 2012/11/06 v6.83m Hyperref: PDFDocEncoding definition (HO)
)
\Hy@SavedSpaceFactor=\count130

(/usr/share/texlive/texmf-dist/tex/latex/latexconfig/hyperref.cfg
File: hyperref.cfg 2002/06/06 v1.2 hyperref configuration of TeXLive
)
Package hyperref Info: Hyper figures OFF on input line 4443.
Package hyperref Info: Link nesting OFF on input line 4448.
Package hyperref Info: Hyper index ON on input line 4451.
Package hyperref Info: Plain pages OFF on input line 4458.
Package hyperref Info: Backreferencing OFF on input line 4463.
Package hyperref Info: Implicit mode ON; LaTeX internals redefined.
Package hyperref Info: Bookmarks ON on input line 4688.
\c@Hy@tempcnt=\count131

(/usr/share/texlive/texmf-dist/tex/latex/url/url.sty
\Urlmuskip=\muskip11
Package: url 2013/09/16  ver 3.4  Verb mode for urls, etc.
)
LaTeX Info: Redefining \url on input line 5041.
\XeTeXLinkMargin=\dimen158
\Fld@menulength=\count132
\Field@Width=\dimen159
\Fld@charsize=\dimen160
Package hyperref Info: Hyper figures OFF on input line 6295.
Package hyperref Info: Link nesting OFF on input line 6300.
Package hyperref Info: Hyper index ON on input line 6303.
Package hyperref Info: backreferencing OFF on input line 6310.
Package hyperref Info: Link coloring OFF on input line 6315.
Package hyperref Info: Link coloring with OCG OFF on input line 6320.
Package hyperref Info: PDF/A mode OFF on input line 6325.
LaTeX Info: Redefining \ref on input line 6365.
LaTeX Info: Redefining \pageref on input line 6369.
\Hy@abspage=\count133
\c@Item=\count134
\c@Hfootnote=\count135
)

Package hyperref Message: Driver (autodetected): hpdftex.

(/usr/share/texlive/texmf-dist/tex/latex/hyperref/hpdftex.def
File: hpdftex.def 2012/11/06 v6.83m Hyperref driver for pdfTeX
\Fld@listcount=\count136
\c@bookmark@seq@number=\count137

(/usr/share/texlive/texmf-dist/tex/latex/oberdiek/rerunfilecheck.sty
Package: rerunfilecheck 2011/04/15 v1.7 Rerun checks for auxiliary files (HO)
Package uniquecounter Info: New unique counter `rerunfilecheck' on input line 2
82.
)
\Hy@SectionHShift=\skip55
)
(/usr/share/texlive/texmf-dist/tex/latex/mathtools/mathtools.sty
Package: mathtools 2015/11/12 v1.18 mathematical typesetting tools

(/usr/share/texlive/texmf-dist/tex/latex/tools/calc.sty
Package: calc 2014/10/28 v4.3 Infix arithmetic (KKT,FJ)
\calc@Acount=\count138
\calc@Bcount=\count139
\calc@Adimen=\dimen161
\calc@Bdimen=\dimen162
\calc@Askip=\skip56
\calc@Bskip=\skip57
LaTeX Info: Redefining \setlength on input line 80.
LaTeX Info: Redefining \addtolength on input line 81.
\calc@Ccount=\count140
\calc@Cskip=\skip58
)
(/usr/share/texlive/texmf-dist/tex/latex/mathtools/mhsetup.sty
Package: mhsetup 2010/01/21 v1.2a programming setup (MH)
)
LaTeX Info: Thecontrolsequence`\('isalreadyrobust on input line 129.
LaTeX Info: Thecontrolsequence`\)'isalreadyrobust on input line 129.
LaTeX Info: Thecontrolsequence`\['isalreadyrobust on input line 129.
LaTeX Info: Thecontrolsequence`\]'isalreadyrobust on input line 129.
\g_MT_multlinerow_int=\count141
\l_MT_multwidth_dim=\dimen163
\origjot=\skip59
\l_MT_shortvdotswithinadjustabove_dim=\dimen164
\l_MT_shortvdotswithinadjustbelow_dim=\dimen165
\l_MT_above_intertext_sep=\dimen166
\l_MT_below_intertext_sep=\dimen167
\l_MT_above_shortintertext_sep=\dimen168
\l_MT_below_shortintertext_sep=\dimen169
)
(/usr/share/texlive/texmf-dist/tex/latex/amscls/amsthm.sty
Package: amsthm 2015/03/04 v2.20.2
\thm@style=\toks33
\thm@bodyfont=\toks34
\thm@headfont=\toks35
\thm@notefont=\toks36
\thm@headpunct=\toks37
\thm@preskip=\skip60
\thm@postskip=\skip61
\thm@headsep=\skip62
\dth@everypar=\toks38
)
Package hyperref Info: Option `colorlinks' set `true' on input line 39.

(/usr/share/texlive/texmf-dist/tex/latex/geometry/geometry.sty
Package: geometry 2010/09/12 v5.6 Page Geometry
\Gm@cnth=\count142
\Gm@cntv=\count143
\c@Gm@tempcnt=\count144
\Gm@bindingoffset=\dimen170
\Gm@wd@mp=\dimen171
\Gm@odd@mp=\dimen172
\Gm@even@mp=\dimen173
\Gm@layoutwidth=\dimen174
\Gm@layoutheight=\dimen175
\Gm@layouthoffset=\dimen176
\Gm@layoutvoffset=\dimen177
\Gm@dimlist=\toks39
)

Package geometry Warning: Over-specification in `h'-direction.
    `width' (597.50787pt) is ignored.


Package geometry Warning: Over-specification in `v'-direction.
    `height' (845.04684pt) is ignored.

Package color Info: Redefining color mygreen on input line 50.
Package color Info: Redefining color mylilas on input line 51.
Package color Info: Redefining color dkgreen on input line 52.
Package color Info: Redefining color gray on input line 53.
Package color Info: Redefining color mauve on input line 54.
\@input{Glossary.aux}
\openout2 = `Glossary.aux'.

No file Glossary.tex.
No file main.aux.
\openout1 = `main.aux'.

LaTeX Font Info:    Checking defaults for OML/cmm/m/it on input line 80.
LaTeX Font Info:    ... okay on input line 80.
LaTeX Font Info:    Checking defaults for T1/cmr/m/n on input line 80.
LaTeX Font Info:    ... okay on input line 80.
LaTeX Font Info:    Checking defaults for OT1/cmr/m/n on input line 80.
LaTeX Font Info:    ... okay on input line 80.
LaTeX Font Info:    Checking defaults for OMS/cmsy/m/n on input line 80.
LaTeX Font Info:    ... okay on input line 80.
LaTeX Font Info:    Checking defaults for OMX/cmex/m/n on input line 80.
LaTeX Font Info:    ... okay on input line 80.
LaTeX Font Info:    Checking defaults for U/cmr/m/n on input line 80.
LaTeX Font Info:    ... okay on input line 80.
LaTeX Font Info:    Checking defaults for PD1/pdf/m/n on input line 80.
LaTeX Font Info:    ... okay on input line 80.
(/usr/share/texlive/texmf-dist/tex/context/base/supp-pdf.mkii
[Loading MPS to PDF converter (version 2006.09.02).]
\scratchcounter=\count145
\scratchdimen=\dimen178
\scratchbox=\box36
\nofMPsegments=\count146
\nofMParguments=\count147
\everyMPshowfont=\toks40
\MPscratchCnt=\count148
\MPscratchDim=\dimen179
\MPnumerator=\count149
\makeMPintoPDFobject=\count150
\everyMPtoPDFconversion=\toks41
) (/usr/share/texlive/texmf-dist/tex/latex/oberdiek/epstopdf-base.sty
Package: epstopdf-base 2010/02/09 v2.5 Base part for package epstopdf

(/usr/share/texlive/texmf-dist/tex/latex/oberdiek/grfext.sty
Package: grfext 2010/08/19 v1.1 Manage graphics extensions (HO)
)
Package grfext Info: Graphics extension search list:
(grfext)             [.png,.pdf,.jpg,.mps,.jpeg,.jbig2,.jb2,.PNG,.PDF,.JPG,.JPE
G,.JBIG2,.JB2,.eps]
(grfext)             \AppendGraphicsExtensions on input line 452.

(/usr/share/texlive/texmf-dist/tex/latex/latexconfig/epstopdf-sys.cfg
File: epstopdf-sys.cfg 2010/07/13 v1.3 Configuration of (r)epstopdf for TeX Liv
e
))
(/usr/share/texlive/texmf-dist/tex/latex/ms/ragged2e.sty
Package: ragged2e 2009/05/21 v2.1 ragged2e Package (MS)

(/usr/share/texlive/texmf-dist/tex/latex/ms/everysel.sty
Package: everysel 2011/10/28 v1.2 EverySelectfont Package (MS)

ABD: EverySelectfont initializing macros
LaTeX Info: Redefining \selectfont on input line 126.
)
\CenteringLeftskip=\skip63
\RaggedLeftLeftskip=\skip64
\RaggedRightLeftskip=\skip65
\CenteringRightskip=\skip66
\RaggedLeftRightskip=\skip67
\RaggedRightRightskip=\skip68
\CenteringParfillskip=\skip69
\RaggedLeftParfillskip=\skip70
\RaggedRightParfillskip=\skip71
\JustifyingParfillskip=\skip72
\CenteringParindent=\skip73
\RaggedLeftParindent=\skip74
\RaggedRightParindent=\skip75
\JustifyingParindent=\skip76
)
\c@lstlisting=\count151
Package caption Info: Begin \AtBeginDocument code.
Package caption Info: hyperref package is loaded.
Package caption Info: End \AtBeginDocument code.

ABD: EveryShipout initializing macros
\AtBeginShipoutBox=\box37
Package hyperref Info: Link coloring ON on input line 80.

(/usr/share/texlive/texmf-dist/tex/latex/hyperref/nameref.sty
Package: nameref 2012/10/27 v2.43 Cross-referencing by name of section

(/usr/share/texlive/texmf-dist/tex/generic/oberdiek/gettitlestring.sty
Package: gettitlestring 2010/12/03 v1.4 Cleanup title references (HO)
)
\c@section@level=\count152
)
LaTeX Info: Redefining \ref on input line 80.
LaTeX Info: Redefining \pageref on input line 80.
LaTeX Info: Redefining \nameref on input line 80.
\@outlinefile=\write3
\openout3 = `main.out'.


*geometry* driver: auto-detecting
*geometry* detected driver: pdftex
*geometry* verbose mode - [ preamble ] result:
* driver: pdftex
* paper: a4paper
* layout: <same size as paper>
* layoutoffset:(h,v)=(0.0pt,0.0pt)
* modes: 
* h-part:(L,W,R)=(22.76219pt, 551.98349pt, 22.76219pt)
* v-part:(T,H,B)=(42.67912pt, 759.6886pt, 42.67912pt)
* \paperwidth=597.50787pt
* \paperheight=845.04684pt
* \textwidth=551.98349pt
* \textheight=759.6886pt
* \oddsidemargin=-49.5078pt
* \evensidemargin=-49.5078pt
* \topmargin=-66.59087pt
* \headheight=12.0pt
* \headsep=25.0pt
* \topskip=10.0pt
* \footskip=30.0pt
* \marginparwidth=57.0pt
* \marginparsep=11.0pt
* \columnsep=10.0pt
* \skip\footins=9.0pt plus 4.0pt minus 2.0pt
* \hoffset=0.0pt
* \voffset=0.0pt
* \mag=1000
* \@twocolumnfalse
* \@twosidefalse
* \@mparswitchfalse
* \@reversemarginfalse
* (1in=72.27pt=25.4mm, 1cm=28.453pt)

LaTeX Font Info:    Try loading font information for U+msa on input line 84.
(/usr/share/texlive/texmf-dist/tex/latex/amsfonts/umsa.fd
File: umsa.fd 2013/01/14 v3.01 AMS symbols A
)
LaTeX Font Info:    Try loading font information for U+msb on input line 84.

(/usr/share/texlive/texmf-dist/tex/latex/amsfonts/umsb.fd
File: umsb.fd 2013/01/14 v3.01 AMS symbols B
)

LaTeX Warning: File `icon1.png' not found on input line 90.


! Package pdftex.def Error: File `icon1.png' not found.

See the pdftex.def package documentation for explanation.
Type  H <return>  for immediate help.
 ...                                              
                                                  
l.90 ...degraphics[width=0.4\textwidth]{icon1.png}
                                                  \\
Using draft setting for this image.
Try typing  <return>  to proceed.
If that doesn't work, type  X <return>  to quit.

<Images4/icon2.png, id=7, 747.79375pt x 747.79375pt>
File: Images4/icon2.png Graphic file (type png)
 <use Images4/icon2.png>
Package pdftex.def Info: Images4/icon2.png used on input line 91.
(pdftex.def)             Requested size: 165.59673pt x 165.5877pt.

[1



{/var/lib/texmf/fonts/map/pdftex/updmap/pdftex.map} <./Images4/icon2.png>]
\openout2 = `Q1.aux'.


(./Q1.tex

LaTeX Warning: Citation `1' on page 2 undefined on input line 5.


LaTeX Warning: Reference `eq1' on page 2 undefined on input line 27.


LaTeX Warning: Reference `eq2' on page 2 undefined on input line 27.


LaTeX Warning: Reference `eq3' on page 2 undefined on input line 27.


LaTeX Warning: Reference `eq4' on page 2 undefined on input line 63.


LaTeX Warning: Reference `Fig7' on page 2 undefined on input line 68.

[2

]
LaTeX Font Info:    Try loading font information for OMS+cmr on input line 86.
 (/usr/share/texlive/texmf-dist/tex/latex/base/omscmr.fd
File: omscmr.fd 2014/09/29 v2.5h Standard LaTeX font definitions
)
LaTeX Font Info:    Font shape `OMS/cmr/m/n' in size <10> not available
(Font)              Font shape `OMS/cmsy/m/n' tried instead on input line 86.


LaTeX Warning: Reference `Fig1' on page 3 undefined on input line 115.

<Images4/1.jpg, id=48, 1205.50375pt x 904.37875pt>
File: Images4/1.jpg Graphic file (type jpg)
 <use Images4/1.jpg>
Package pdftex.def Info: Images4/1.jpg used on input line 120.
(pdftex.def)             Requested size: 193.19759pt x 144.93814pt.

<Images4/2.jpg, id=49, 1205.50375pt x 904.37875pt>
File: Images4/2.jpg Graphic file (type jpg)
 <use Images4/2.jpg>
Package pdftex.def Info: Images4/2.jpg used on input line 125.
(pdftex.def)             Requested size: 275.99174pt x 207.05055pt.


LaTeX Warning: Reference `Fig3' on page 3 undefined on input line 132.


LaTeX Warning: Reference `Fig4' on page 3 undefined on input line 132.


LaTeX Warning: Reference `Fig5' on page 3 undefined on input line 158.


LaTeX Warning: Reference `Fig6' on page 3 undefined on input line 158.

[3 <./Images4/1.jpg> <./Images4/2.jpg>]
File: Images4/2.jpg Graphic file (type jpg)
 <use Images4/2.jpg>
Package pdftex.def Info: Images4/2.jpg used on input line 163.
(pdftex.def)             Requested size: 275.99174pt x 207.05055pt.

<Images4/3.jpg, id=61, 1205.50375pt x 904.37875pt>
File: Images4/3.jpg Graphic file (type jpg)
 <use Images4/3.jpg>
Package pdftex.def Info: Images4/3.jpg used on input line 168.
(pdftex.def)             Requested size: 275.99174pt x 207.05055pt.


LaTeX Warning: Reference `Fig9' on page 4 undefined on input line 178.


LaTeX Warning: Citation `2' on page 4 undefined on input line 178.


LaTeX Warning: Reference `Ap1' on page 4 undefined on input line 178.


LaTeX Warning: Reference `eq11' on page 4 undefined on input line 178.


LaTeX Warning: Reference `Fig10' on page 4 undefined on input line 203.


LaTeX Warning: Reference `Fig11' on page 4 undefined on input line 203.


LaTeX Warning: Reference `Fig9' on page 4 undefined on input line 203.

<Images4/4.jpg, id=62, 1205.50375pt x 904.37875pt>
File: Images4/4.jpg Graphic file (type jpg)
 <use Images4/4.jpg>
Package pdftex.def Info: Images4/4.jpg used on input line 208.
(pdftex.def)             Requested size: 182.15555pt x 136.64453pt.

<Images4/5.jpg, id=63, 1205.50375pt x 904.37875pt>
File: Images4/5.jpg Graphic file (type jpg)
 <use Images4/5.jpg>
Package pdftex.def Info: Images4/5.jpg used on input line 213.
(pdftex.def)             Requested size: 182.15555pt x 136.64453pt.

<Images4/6.jpg, id=64, 1205.50375pt x 904.37875pt>
File: Images4/6.jpg Graphic file (type jpg)
 <use Images4/6.jpg>
Package pdftex.def Info: Images4/6.jpg used on input line 218.
(pdftex.def)             Requested size: 182.15555pt x 136.64453pt.
 [4 <./Images4/3.jpg>]

LaTeX Warning: Reference `LFM' on page 5 undefined on input line 228.

<Images4/7.jpg, id=77, 1205.50375pt x 904.37875pt>
File: Images4/7.jpg Graphic file (type jpg)
 <use Images4/7.jpg>
Package pdftex.def Info: Images4/7.jpg used on input line 233.
(pdftex.def)             Requested size: 182.15555pt x 136.64453pt.

<Images4/8.jpg, id=78, 1205.50375pt x 904.37875pt>
File: Images4/8.jpg Graphic file (type jpg)
 <use Images4/8.jpg>
Package pdftex.def Info: Images4/8.jpg used on input line 238.
(pdftex.def)             Requested size: 182.15555pt x 136.64453pt.

<Images4/9.jpg, id=79, 1205.50375pt x 904.37875pt>
File: Images4/9.jpg Graphic file (type jpg)
 <use Images4/9.jpg>
Package pdftex.def Info: Images4/9.jpg used on input line 243.
(pdftex.def)             Requested size: 182.15555pt x 136.64453pt.
 [5 <./Images4/4.jpg> <./Images4/5.jpg> <./Images4/6.jpg> <./Images4/7.jpg> <./
Images4/8.jpg> <./Images4/9.jpg>]

LaTeX Warning: Reference `D1' on page 6 undefined on input line 253.


LaTeX Warning: Reference `D2' on page 6 undefined on input line 253.


LaTeX Warning: Reference `pote1' on page 6 undefined on input line 253.


LaTeX Warning: Reference `pote2' on page 6 undefined on input line 253.


LaTeX Warning: Reference `FinalPotential' on page 6 undefined on input line 253
.


LaTeX Warning: Reference `D3' on page 6 undefined on input line 253.


LaTeX Warning: Reference `Testified' on page 6 undefined on input line 253.

<Images4/11.jpg, id=87, 1205.50375pt x 904.37875pt>
File: Images4/11.jpg Graphic file (type jpg)
 <use Images4/11.jpg>
Package pdftex.def Info: Images4/11.jpg used on input line 259.
(pdftex.def)             Requested size: 275.99174pt x 207.05055pt.

<Images4/12.jpg, id=88, 1205.50375pt x 904.37875pt>
File: Images4/12.jpg Graphic file (type jpg)
 <use Images4/12.jpg>
Package pdftex.def Info: Images4/12.jpg used on input line 264.
(pdftex.def)             Requested size: 275.99174pt x 207.05055pt.

<Images4/14.jpg, id=89, 1205.50375pt x 904.37875pt>
File: Images4/14.jpg Graphic file (type jpg)
 <use Images4/14.jpg>
Package pdftex.def Info: Images4/14.jpg used on input line 275.
(pdftex.def)             Requested size: 182.15555pt x 136.64453pt.

<Images4/15.jpg, id=90, 1205.50375pt x 904.37875pt>
File: Images4/15.jpg Graphic file (type jpg)
 <use Images4/15.jpg>
Package pdftex.def Info: Images4/15.jpg used on input line 280.
(pdftex.def)             Requested size: 182.15555pt x 136.64453pt.

<Images4/16.jpg, id=91, 1205.50375pt x 904.37875pt>
File: Images4/16.jpg Graphic file (type jpg)
 <use Images4/16.jpg>
Package pdftex.def Info: Images4/16.jpg used on input line 285.
(pdftex.def)             Requested size: 182.15555pt x 136.64453pt.

<Images4/10.jpg, id=92, 1205.50375pt x 904.37875pt>
File: Images4/10.jpg Graphic file (type jpg)
 <use Images4/10.jpg>
Package pdftex.def Info: Images4/10.jpg used on input line 296.
(pdftex.def)             Requested size: 275.99174pt x 207.05055pt.

<Images4/13.jpg, id=93, 1205.50375pt x 904.37875pt>
File: Images4/13.jpg Graphic file (type jpg)
 <use Images4/13.jpg>
Package pdftex.def Info: Images4/13.jpg used on input line 301.
(pdftex.def)             Requested size: 275.99174pt x 207.05055pt.

[6 <./Images4/11.jpg> <./Images4/12.jpg> <./Images4/14.jpg> <./Images4/15.jpg> 
<./Images4/16.jpg>]

LaTeX Warning: Reference `D5' on page 7 undefined on input line 311.


LaTeX Warning: Reference `EEG' on page 7 undefined on input line 311.

<Images4/17.png, id=101, 1928.70563pt x 997.47656pt>
File: Images4/17.png Graphic file (type png)
 <use Images4/17.png>
Package pdftex.def Info: Images4/17.png used on input line 318.
(pdftex.def)             Requested size: 275.99174pt x 142.73547pt.

<Images4/18.png, id=102, 1916.66063pt x 1015.54407pt>
File: Images4/18.png Graphic file (type png)
 <use Images4/18.png>
Package pdftex.def Info: Images4/18.png used on input line 323.
(pdftex.def)             Requested size: 275.99174pt x 146.23514pt.
)
[7 <./Images4/10.jpg> <./Images4/13.jpg> <./Images4/17.png (PNG copy)> <./Image
s4/18.png (PNG copy)>]
\openout2 = `Q2.aux'.

 (./Q2.tex

LaTeX Warning: Citation `3' on page 8 undefined on input line 3.


LaTeX Warning: Reference `equation_1' on page 8 undefined on input line 7.


LaTeX Warning: Reference `equation_2' on page 8 undefined on input line 7.


LaTeX Warning: Reference `EE1' on page 8 undefined on input line 7.


LaTeX Warning: Reference `RRE1' on page 8 undefined on input line 7.


LaTeX Warning: Reference `VO1' on page 8 undefined on input line 7.

<Images4/100.jpg, id=111, 1205.50375pt x 904.37875pt>
File: Images4/100.jpg Graphic file (type jpg)
 <use Images4/100.jpg>
Package pdftex.def Info: Images4/100.jpg used on input line 12.
(pdftex.def)             Requested size: 182.15555pt x 136.64453pt.

<Images4/101.jpg, id=112, 1205.50375pt x 904.37875pt>
File: Images4/101.jpg Graphic file (type jpg)
 <use Images4/101.jpg>
Package pdftex.def Info: Images4/101.jpg used on input line 17.
(pdftex.def)             Requested size: 182.15555pt x 136.64453pt.

<Images4/102.jpg, id=113, 1205.50375pt x 904.37875pt>
File: Images4/102.jpg Graphic file (type jpg)
 <use Images4/102.jpg>
Package pdftex.def Info: Images4/102.jpg used on input line 22.
(pdftex.def)             Requested size: 182.15555pt x 136.64453pt.


LaTeX Warning: Reference `EEG' on page 8 undefined on input line 33.


LaTeX Warning: Reference `Ta3' on page 8 undefined on input line 33.

(./Files/EEG.txt
! Misplaced \noalign.
\hline ->\noalign 
                  {\ifnum 0=`}\fi \hrule \@height \arrayrulewidth \futurelet...
l.1  \hline
           $D1$&$4.74e-07$&$-5.00e-02$&$2.00e-02$&$6.03e-06$&$1.00e+00$&$1.7...
I expect to see \noalign only after the \cr of
an alignment. Proceed, and I'll ignore this case.

! You can't use `\hrule' here except with leaders.
\hline ->\noalign {\ifnum 0=`}\fi \hrule 
                                         \@height \arrayrulewidth \futurelet...
l.1  \hline
           $D1$&$4.74e-07$&$-5.00e-02$&$2.00e-02$&$6.03e-06$&$1.00e+00$&$1.7...
To put a horizontal rule in an hbox or an alignment,
you should use \leaders or \hrulefill (see The TeXbook).

! Missing number, treated as zero.
<to be read again> 
                   \futurelet 
l.1  \hline
           $D1$&$4.74e-07$&$-5.00e-02$&$2.00e-02$&$6.03e-06$&$1.00e+00$&$1.7...
A number should have been here; I inserted `0'.
(If you can't figure out why I needed to see a number,
look up `weird error' in the index to The TeXbook.)

! Illegal unit of measure (pt inserted).
<to be read again> 
                   \futurelet 
l.1  \hline
           $D1$&$4.74e-07$&$-5.00e-02$&$2.00e-02$&$6.03e-06$&$1.00e+00$&$1.7...
Dimensions can be in units of em, ex, in, pt, pc,
cm, mm, dd, cc, nd, nc, bp, or sp; but yours is a new one!
I'll assume that you meant to say pt, for printer's points.
To recover gracefully from this error, it's best to
delete the erroneous units; e.g., type `2' to delete
two letters. (See Chapter 27 of The TeXbook.)

) [8


 <./Images4/100.jpg> <./Images4/101.jpg> <./Images4/102.jpg>]

LaTeX Warning: Reference `VO2' on page 9 undefined on input line 52.


LaTeX Warning: Reference `VO3' on page 9 undefined on input line 52.


LaTeX Warning: Reference `VO4' on page 9 undefined on input line 52.

<Images4/103.jpg, id=123, 1205.50375pt x 904.37875pt>
File: Images4/103.jpg Graphic file (type jpg)
 <use Images4/103.jpg>
Package pdftex.def Info: Images4/103.jpg used on input line 56.
(pdftex.def)             Requested size: 182.15555pt x 136.64453pt.

<Images4/104.jpg, id=124, 1205.50375pt x 904.37875pt>
File: Images4/104.jpg Graphic file (type jpg)
 <use Images4/104.jpg>
Package pdftex.def Info: Images4/104.jpg used on input line 61.
(pdftex.def)             Requested size: 182.15555pt x 136.64453pt.

<Images4/105.jpg, id=125, 1205.50375pt x 904.37875pt>
File: Images4/105.jpg Graphic file (type jpg)
 <use Images4/105.jpg>
Package pdftex.def Info: Images4/105.jpg used on input line 66.
(pdftex.def)             Requested size: 182.15555pt x 136.64453pt.


LaTeX Warning: Reference `EEE' on page 9 undefined on input line 73.


LaTeX Warning: Reference `EE2' on page 9 undefined on input line 73.


LaTeX Warning: Reference `EE3' on page 9 undefined on input line 73.


LaTeX Warning: Reference `EE4' on page 9 undefined on input line 73.


LaTeX Warning: Reference `RRE2' on page 9 undefined on input line 73.

<Images4/107.jpg, id=126, 1205.50375pt x 904.37875pt>
File: Images4/107.jpg Graphic file (type jpg)
 <use Images4/107.jpg>
Package pdftex.def Info: Images4/107.jpg used on input line 78.
(pdftex.def)             Requested size: 182.15555pt x 136.64453pt.

<Images4/108.jpg, id=127, 1205.50375pt x 904.37875pt>
File: Images4/108.jpg Graphic file (type jpg)
 <use Images4/108.jpg>
Package pdftex.def Info: Images4/108.jpg used on input line 83.
(pdftex.def)             Requested size: 182.15555pt x 136.64453pt.

<Images4/109.jpg, id=128, 1205.50375pt x 904.37875pt>
File: Images4/109.jpg Graphic file (type jpg)
 <use Images4/109.jpg>
Package pdftex.def Info: Images4/109.jpg used on input line 88.
(pdftex.def)             Requested size: 182.15555pt x 136.64453pt.

<Images4/106.jpg, id=129, 1205.50375pt x 904.37875pt>
File: Images4/106.jpg Graphic file (type jpg)
 <use Images4/106.jpg>
Package pdftex.def Info: Images4/106.jpg used on input line 96.
(pdftex.def)             Requested size: 193.19759pt x 144.93814pt.

[9 <./Images4/103.jpg> <./Images4/104.jpg> <./Images4/105.jpg> <./Images4/107.j
pg> <./Images4/108.jpg> <./Images4/109.jpg> <./Images4/106.jpg>]

LaTeX Warning: Reference `Ta1' on page 10 undefined on input line 104.


LaTeX Warning: Reference `Ta11' on page 10 undefined on input line 104.


LaTeX Warning: Reference `Ta12' on page 10 undefined on input line 104.

(./Files/Skull.txt
! Misplaced \noalign.
\hline ->\noalign 
                  {\ifnum 0=`}\fi \hrule \@height \arrayrulewidth \futurelet...
l.1  \hline
           $Tria1D1$&$4.69e-02$&$1.66e-02$&$3.00e-02$&$7.07e-01$&$7.07e-01$&...
I expect to see \noalign only after the \cr of
an alignment. Proceed, and I'll ignore this case.

! You can't use `\hrule' here except with leaders.
\hline ->\noalign {\ifnum 0=`}\fi \hrule 
                                         \@height \arrayrulewidth \futurelet...
l.1  \hline
           $Tria1D1$&$4.69e-02$&$1.66e-02$&$3.00e-02$&$7.07e-01$&$7.07e-01$&...
To put a horizontal rule in an hbox or an alignment,
you should use \leaders or \hrulefill (see The TeXbook).

! Missing number, treated as zero.
<to be read again> 
                   \futurelet 
l.1  \hline
           $Tria1D1$&$4.69e-02$&$1.66e-02$&$3.00e-02$&$7.07e-01$&$7.07e-01$&...
A number should have been here; I inserted `0'.
(If you can't figure out why I needed to see a number,
look up `weird error' in the index to The TeXbook.)

! Illegal unit of measure (pt inserted).
<to be read again> 
                   \futurelet 
l.1  \hline
           $Tria1D1$&$4.69e-02$&$1.66e-02$&$3.00e-02$&$7.07e-01$&$7.07e-01$&...
Dimensions can be in units of em, ex, in, pt, pc,
cm, mm, dd, cc, nd, nc, bp, or sp; but yours is a new one!
I'll assume that you meant to say pt, for printer's points.
To recover gracefully from this error, it's best to
delete the erroneous units; e.g., type `2' to delete
two letters. (See Chapter 27 of The TeXbook.)

) (./Files/Skull1.txt
! Misplaced \noalign.
\hline ->\noalign 
                  {\ifnum 0=`}\fi \hrule \@height \arrayrulewidth \futurelet...
l.1  \hline
           $Trial1$&$3.78e-04$&$3.18e-04$&$6.87e-04$&$9.83e-04$&$5.82e-04$\\...
I expect to see \noalign only after the \cr of
an alignment. Proceed, and I'll ignore this case.

! You can't use `\hrule' here except with leaders.
\hline ->\noalign {\ifnum 0=`}\fi \hrule 
                                         \@height \arrayrulewidth \futurelet...
l.1  \hline
           $Trial1$&$3.78e-04$&$3.18e-04$&$6.87e-04$&$9.83e-04$&$5.82e-04$\\...
To put a horizontal rule in an hbox or an alignment,
you should use \leaders or \hrulefill (see The TeXbook).

! Missing number, treated as zero.
<to be read again> 
                   \futurelet 
l.1  \hline
           $Trial1$&$3.78e-04$&$3.18e-04$&$6.87e-04$&$9.83e-04$&$5.82e-04$\\...
A number should have been here; I inserted `0'.
(If you can't figure out why I needed to see a number,
look up `weird error' in the index to The TeXbook.)

! Illegal unit of measure (pt inserted).
<to be read again> 
                   \futurelet 
l.1  \hline
           $Trial1$&$3.78e-04$&$3.18e-04$&$6.87e-04$&$9.83e-04$&$5.82e-04$\\...
Dimensions can be in units of em, ex, in, pt, pc,
cm, mm, dd, cc, nd, nc, bp, or sp; but yours is a new one!
I'll assume that you meant to say pt, for printer's points.
To recover gracefully from this error, it's best to
delete the erroneous units; e.g., type `2' to delete
two letters. (See Chapter 27 of The TeXbook.)

) (./Files/Skull2.txt
! Misplaced \noalign.
\hline ->\noalign 
                  {\ifnum 0=`}\fi \hrule \@height \arrayrulewidth \futurelet...
l.1  \hline
           $Trial1$&$2.16e-06$&$8.69e-07$&$1.05e-06$&$1.63e-06$&$1.53e-06$\\...
I expect to see \noalign only after the \cr of
an alignment. Proceed, and I'll ignore this case.

! You can't use `\hrule' here except with leaders.
\hline ->\noalign {\ifnum 0=`}\fi \hrule 
                                         \@height \arrayrulewidth \futurelet...
l.1  \hline
           $Trial1$&$2.16e-06$&$8.69e-07$&$1.05e-06$&$1.63e-06$&$1.53e-06$\\...
To put a horizontal rule in an hbox or an alignment,
you should use \leaders or \hrulefill (see The TeXbook).

! Missing number, treated as zero.
<to be read again> 
                   \futurelet 
l.1  \hline
           $Trial1$&$2.16e-06$&$8.69e-07$&$1.05e-06$&$1.63e-06$&$1.53e-06$\\...
A number should have been here; I inserted `0'.
(If you can't figure out why I needed to see a number,
look up `weird error' in the index to The TeXbook.)

! Illegal unit of measure (pt inserted).
<to be read again> 
                   \futurelet 
l.1  \hline
           $Trial1$&$2.16e-06$&$8.69e-07$&$1.05e-06$&$1.63e-06$&$1.53e-06$\\...
Dimensions can be in units of em, ex, in, pt, pc,
cm, mm, dd, cc, nd, nc, bp, or sp; but yours is a new one!
I'll assume that you meant to say pt, for printer's points.
To recover gracefully from this error, it's best to
delete the erroneous units; e.g., type `2' to delete
two letters. (See Chapter 27 of The TeXbook.)

)

LaTeX Warning: Reference `new_label2' on page 10 undefined on input line 143.

[10] [11]

LaTeX Warning: Reference `Ta2' on page 12 undefined on input line 148.


LaTeX Warning: Reference `Ta21' on page 12 undefined on input line 148.


LaTeX Warning: Reference `Ta22' on page 12 undefined on input line 148.


LaTeX Warning: Reference `equation_3' on page 12 undefined on input line 148.

(./Files/Electrode.txt
! Misplaced \noalign.
\hline ->\noalign 
                  {\ifnum 0=`}\fi \hrule \@height \arrayrulewidth \futurelet...
l.1  \hline
           $Tria1D1$&$7.56e-03$&$9.50e-03$&$7.13e-02$&$-1.85e-02$&$7.24e-01$...
I expect to see \noalign only after the \cr of
an alignment. Proceed, and I'll ignore this case.

! You can't use `\hrule' here except with leaders.
\hline ->\noalign {\ifnum 0=`}\fi \hrule 
                                         \@height \arrayrulewidth \futurelet...
l.1  \hline
           $Tria1D1$&$7.56e-03$&$9.50e-03$&$7.13e-02$&$-1.85e-02$&$7.24e-01$...
To put a horizontal rule in an hbox or an alignment,
you should use \leaders or \hrulefill (see The TeXbook).

! Missing number, treated as zero.
<to be read again> 
                   \futurelet 
l.1  \hline
           $Tria1D1$&$7.56e-03$&$9.50e-03$&$7.13e-02$&$-1.85e-02$&$7.24e-01$...
A number should have been here; I inserted `0'.
(If you can't figure out why I needed to see a number,
look up `weird error' in the index to The TeXbook.)

! Illegal unit of measure (pt inserted).
<to be read again> 
                   \futurelet 
l.1  \hline
           $Tria1D1$&$7.56e-03$&$9.50e-03$&$7.13e-02$&$-1.85e-02$&$7.24e-01$...
Dimensions can be in units of em, ex, in, pt, pc,
cm, mm, dd, cc, nd, nc, bp, or sp; but yours is a new one!
I'll assume that you meant to say pt, for printer's points.
To recover gracefully from this error, it's best to
delete the erroneous units; e.g., type `2' to delete
two letters. (See Chapter 27 of The TeXbook.)

) (./Files/Electrode1.txt
! Misplaced \noalign.
\hline ->\noalign 
                  {\ifnum 0=`}\fi \hrule \@height \arrayrulewidth \futurelet...
l.1  \hline
           $Trial1$&$1.78e+00$&$2.39e+01$&$1.75e+00$&$1.75e+00$&$1.77e+00$\\...
I expect to see \noalign only after the \cr of
an alignment. Proceed, and I'll ignore this case.

! You can't use `\hrule' here except with leaders.
\hline ->\noalign {\ifnum 0=`}\fi \hrule 
                                         \@height \arrayrulewidth \futurelet...
l.1  \hline
           $Trial1$&$1.78e+00$&$2.39e+01$&$1.75e+00$&$1.75e+00$&$1.77e+00$\\...
To put a horizontal rule in an hbox or an alignment,
you should use \leaders or \hrulefill (see The TeXbook).

! Missing number, treated as zero.
<to be read again> 
                   \futurelet 
l.1  \hline
           $Trial1$&$1.78e+00$&$2.39e+01$&$1.75e+00$&$1.75e+00$&$1.77e+00$\\...
A number should have been here; I inserted `0'.
(If you can't figure out why I needed to see a number,
look up `weird error' in the index to The TeXbook.)

! Illegal unit of measure (pt inserted).
<to be read again> 
                   \futurelet 
l.1  \hline
           $Trial1$&$1.78e+00$&$2.39e+01$&$1.75e+00$&$1.75e+00$&$1.77e+00$\\...
Dimensions can be in units of em, ex, in, pt, pc,
cm, mm, dd, cc, nd, nc, bp, or sp; but yours is a new one!
I'll assume that you meant to say pt, for printer's points.
To recover gracefully from this error, it's best to
delete the erroneous units; e.g., type `2' to delete
two letters. (See Chapter 27 of The TeXbook.)

) (./Files/Electrode2.txt
! Misplaced \noalign.
\hline ->\noalign 
                  {\ifnum 0=`}\fi \hrule \@height \arrayrulewidth \futurelet...
l.1  \hline
           $Trial1$&$1.27e-03$&$7.11e-02$&$1.30e-03$&$1.29e-03$&$1.29e-03$\\...
I expect to see \noalign only after the \cr of
an alignment. Proceed, and I'll ignore this case.

! You can't use `\hrule' here except with leaders.
\hline ->\noalign {\ifnum 0=`}\fi \hrule 
                                         \@height \arrayrulewidth \futurelet...
l.1  \hline
           $Trial1$&$1.27e-03$&$7.11e-02$&$1.30e-03$&$1.29e-03$&$1.29e-03$\\...
To put a horizontal rule in an hbox or an alignment,
you should use \leaders or \hrulefill (see The TeXbook).

! Missing number, treated as zero.
<to be read again> 
                   \futurelet 
l.1  \hline
           $Trial1$&$1.27e-03$&$7.11e-02$&$1.30e-03$&$1.29e-03$&$1.29e-03$\\...
A number should have been here; I inserted `0'.
(If you can't figure out why I needed to see a number,
look up `weird error' in the index to The TeXbook.)

! Illegal unit of measure (pt inserted).
<to be read again> 
                   \futurelet 
l.1  \hline
           $Trial1$&$1.27e-03$&$7.11e-02$&$1.30e-03$&$1.29e-03$&$1.29e-03$\\...
Dimensions can be in units of em, ex, in, pt, pc,
cm, mm, dd, cc, nd, nc, bp, or sp; but yours is a new one!
I'll assume that you meant to say pt, for printer's points.
To recover gracefully from this error, it's best to
delete the erroneous units; e.g., type `2' to delete
two letters. (See Chapter 27 of The TeXbook.)

)) [12] [13]
No file main.bbl.
\openout2 = `A1.aux'.

(./A1.tex <Images4/HeadModel.jpg, id=163, 96.57462pt x 115.72858pt>
File: Images4/HeadModel.jpg Graphic file (type jpg)

<use Images4/HeadModel.jpg>
Package pdftex.def Info: Images4/HeadModel.jpg used on input line 6.
(pdftex.def)             Requested size: 220.79002pt x 264.61084pt.

<Images4/Electrical_field.jpg, id=164, 118.8pt x 96.624pt>
File: Images4/Electrical_field.jpg Graphic file (type jpg)

<use Images4/Electrical_field.jpg>
Package pdftex.def Info: Images4/Electrical_field.jpg used on input line 12.
(pdftex.def)             Requested size: 220.79002pt x 179.57869pt.


LaTeX Warning: File `1.png' not found on input line 21.


! Package pdftex.def Error: File `1.png' not found.

See the pdftex.def package documentation for explanation.
Type  H <return>  for immediate help.
 ...                                              
                                                  
l.21 ...ncludegraphics[width=0.3\textwidth]{1.png}
                                                  
Using draft setting for this image.
Try typing  <return>  to proceed.
If that doesn't work, type  X <return>  to quit.

<Images4/ElectrodPlacement.jpg, id=165, 1404.74812pt x 523.20468pt>
File: Images4/ElectrodPlacement.jpg Graphic file (type jpg)

<use Images4/ElectrodPlacement.jpg>
Package pdftex.def Info: Images4/ElectrodPlacement.jpg used on input line 27.
(pdftex.def)             Requested size: 551.98349pt x 205.5898pt.
 [14




 <./Images4/HeadModel.jpg> <./Images4/Electrical_field.jpg>] [15 <./Images4/Ele
ctrodPlacement.jpg>]

LaTeX Warning: Reference `eq11' on page 16 undefined on input line 129.

! Extra }, or forgotten $.
l.131 ...=1}^{\infty} \frac{X(2n+1)^3}{d_n(n+1)n}}
                                                  .{b}^{n-1}\{nR_xP_n(cos\al...
I've deleted a group-closing symbol because it seems to be
spurious, as in `$x}$'. But perhaps the } is legitimate and
you forgot something else, as in `\hbox{$x}'. In such cases
the way to recover is to insert both the forgotten and the
deleted material, e.g., by typing `I$}'.

! Extra }, or forgotten $.
l.137 ...=1}^{\infty} \frac{X(2n+1)^3}{d_n(n+1)n}}
                                                  .{b}^{n-1}\{nR_yP_n(cos\al...
I've deleted a group-closing symbol because it seems to be
spurious, as in `$x}$'. But perhaps the } is legitimate and
you forgot something else, as in `\hbox{$x}'. In such cases
the way to recover is to insert both the forgotten and the
deleted material, e.g., by typing `I$}'.

! Extra }, or forgotten $.
l.142 ...=1}^{\infty} \frac{X(2n+1)^3}{d_n(n+1)n}}
                                                  .{b}^{n-1}\{nR_zP_n(cos\al...
I've deleted a group-closing symbol because it seems to be
spurious, as in `$x}$'. But perhaps the } is legitimate and
you forgot something else, as in `\hbox{$x}'. In such cases
the way to recover is to insert both the forgotten and the
deleted material, e.g., by typing `I$}'.


LaTeX Warning: Reference `new_label' on page 16 undefined on input line 146.


LaTeX Warning: Reference `new_label1' on page 16 undefined on input line 152.

) [16]
\openout2 = `A2.aux'.

 (./A2.tex
! Double subscript.
<argument> Or_x_
                {orig}*x_{est}+Or_y_{orig}*y_{est}+Or_z_{orig}*Or_z_{est}
l.10 ...r_x_{orig}^2-Or_y_{orig}^2-Or_z_{orig}^2}}
                                                  \bigg\}
I treat `x_1_2' essentially like `x_1{}_2'.

! Double subscript.
<argument> Or_x_{orig}*x_{est}+Or_y_
                                    {orig}*y_{est}+Or_z_{orig}*Or_z_{est}
l.10 ...r_x_{orig}^2-Or_y_{orig}^2-Or_z_{orig}^2}}
                                                  \bigg\}
I treat `x_1_2' essentially like `x_1{}_2'.

! Double subscript.
<argument> ...g}*x_{est}+Or_y_{orig}*y_{est}+Or_z_
                                                  {orig}*Or_z_{est}
l.10 ...r_x_{orig}^2-Or_y_{orig}^2-Or_z_{orig}^2}}
                                                  \bigg\}
I treat `x_1_2' essentially like `x_1{}_2'.

! Double subscript.
<argument> ...r_y_{orig}*y_{est}+Or_z_{orig}*Or_z_
                                                  {est}
l.10 ...r_x_{orig}^2-Or_y_{orig}^2-Or_z_{orig}^2}}
                                                  \bigg\}
I treat `x_1_2' essentially like `x_1{}_2'.

! Double subscript.
<argument> \sqrt {Or_x_
                       {est}^2-Or_y_{est}^2-Or_z_{est}^2}*\sqrt {Or_x_{orig}...
l.10 ...r_x_{orig}^2-Or_y_{orig}^2-Or_z_{orig}^2}}
                                                  \bigg\}
I treat `x_1_2' essentially like `x_1{}_2'.

! Double subscript.
<argument> \sqrt {Or_x_{est}^2-Or_y_
                                    {est}^2-Or_z_{est}^2}*\sqrt {Or_x_{orig}...
l.10 ...r_x_{orig}^2-Or_y_{orig}^2-Or_z_{orig}^2}}
                                                  \bigg\}
I treat `x_1_2' essentially like `x_1{}_2'.

! Double subscript.
<argument> \sqrt {Or_x_{est}^2-Or_y_{est}^2-Or_z_
                                                 {est}^2}*\sqrt {Or_x_{orig}...
l.10 ...r_x_{orig}^2-Or_y_{orig}^2-Or_z_{orig}^2}}
                                                  \bigg\}
I treat `x_1_2' essentially like `x_1{}_2'.

! Double subscript.
<argument> ...y_{est}^2-Or_z_{est}^2}*\sqrt {Or_x_
                                                  {orig}^2-Or_y_{orig}^2-Or_...
l.10 ...r_x_{orig}^2-Or_y_{orig}^2-Or_z_{orig}^2}}
                                                  \bigg\}
I treat `x_1_2' essentially like `x_1{}_2'.

! Double subscript.
<argument> ..._{est}^2}*\sqrt {Or_x_{orig}^2-Or_y_
                                                  {orig}^2-Or_z_{orig}^2}
l.10 ...r_x_{orig}^2-Or_y_{orig}^2-Or_z_{orig}^2}}
                                                  \bigg\}
I treat `x_1_2' essentially like `x_1{}_2'.

! Double subscript.
<argument> ...t {Or_x_{orig}^2-Or_y_{orig}^2-Or_z_
                                                  {orig}^2}
l.10 ...r_x_{orig}^2-Or_y_{orig}^2-Or_z_{orig}^2}}
                                                  \bigg\}
I treat `x_1_2' essentially like `x_1{}_2'.

<Images4/SkullConductivity.jpg, id=207, 299.1175pt x 169.63374pt>
File: Images4/SkullConductivity.jpg Graphic file (type jpg)

<use Images4/SkullConductivity.jpg>
Package pdftex.def Info: Images4/SkullConductivity.jpg used on input line 25.
(pdftex.def)             Requested size: 220.79002pt x 125.21379pt.


LaTeX Warning: Citation `4' on page 17 undefined on input line 26.


LaTeX Warning: Citation `4' on page 17 undefined on input line 26.

[17


 <./Images4/SkullConductivity.jpg>]
<Images4/110.jpg, id=219, 1205.50375pt x 904.37875pt>
File: Images4/110.jpg Graphic file (type jpg)
 <use Images4/110.jpg>
Package pdftex.def Info: Images4/110.jpg used on input line 38.
(pdftex.def)             Requested size: 193.19337pt x 144.92435pt.

<Images4/111.jpg, id=220, 1205.50375pt x 904.37875pt>
File: Images4/111.jpg Graphic file (type jpg)
 <use Images4/111.jpg>
Package pdftex.def Info: Images4/111.jpg used on input line 38.
(pdftex.def)             Requested size: 193.19337pt x 144.92435pt.

<Images4/112.jpg, id=221, 1205.50375pt x 904.37875pt>
File: Images4/112.jpg Graphic file (type jpg)
 <use Images4/112.jpg>
Package pdftex.def Info: Images4/112.jpg used on input line 38.
(pdftex.def)             Requested size: 193.19337pt x 144.92435pt.

<Images4/113.jpg, id=222, 1205.50375pt x 904.37875pt>
File: Images4/113.jpg Graphic file (type jpg)
 <use Images4/113.jpg>
Package pdftex.def Info: Images4/113.jpg used on input line 38.
(pdftex.def)             Requested size: 193.19337pt x 144.92435pt.

<Images4/114.jpg, id=223, 1205.50375pt x 904.37875pt>
File: Images4/114.jpg Graphic file (type jpg)
 <use Images4/114.jpg>
Package pdftex.def Info: Images4/114.jpg used on input line 38.
(pdftex.def)             Requested size: 193.19337pt x 144.92435pt.

<Images4/115.jpg, id=224, 1205.50375pt x 904.37875pt>
File: Images4/115.jpg Graphic file (type jpg)
 <use Images4/115.jpg>
Package pdftex.def Info: Images4/115.jpg used on input line 38.
(pdftex.def)             Requested size: 193.19337pt x 144.92435pt.

<Images4/116.jpg, id=225, 1205.50375pt x 904.37875pt>
File: Images4/116.jpg Graphic file (type jpg)
 <use Images4/116.jpg>
Package pdftex.def Info: Images4/116.jpg used on input line 38.
(pdftex.def)             Requested size: 193.19337pt x 144.92435pt.

<Images4/117.jpg, id=226, 1205.50375pt x 904.37875pt>
File: Images4/117.jpg Graphic file (type jpg)
 <use Images4/117.jpg>
Package pdftex.def Info: Images4/117.jpg used on input line 38.
(pdftex.def)             Requested size: 193.19337pt x 144.92435pt.

<Images4/118.jpg, id=227, 1205.50375pt x 904.37875pt>
File: Images4/118.jpg Graphic file (type jpg)
 <use Images4/118.jpg>
Package pdftex.def Info: Images4/118.jpg used on input line 38.
(pdftex.def)             Requested size: 193.19337pt x 144.92435pt.

<Images4/119.jpg, id=228, 1205.50375pt x 904.37875pt>
File: Images4/119.jpg Graphic file (type jpg)
 <use Images4/119.jpg>
Package pdftex.def Info: Images4/119.jpg used on input line 38.
(pdftex.def)             Requested size: 193.19337pt x 144.92435pt.

Overfull \hbox (10.00002pt too wide) in paragraph at lines 38--39
[]$[]$ $[]$
 []


Overfull \hbox (10.00002pt too wide) in paragraph at lines 38--39
[]$ $[]$
 []


Overfull \hbox (10.00002pt too wide) in paragraph at lines 38--39
[]$ $[]$
 []


Overfull \hbox (10.00002pt too wide) in paragraph at lines 38--39
[]$ $[]$
 []


Overfull \hbox (10.00002pt too wide) in paragraph at lines 38--39
[]$ $[]$
 []


Underfull \hbox (badness 10000) in paragraph at lines 38--39

 []

<Images4/120.jpg, id=229, 1205.50375pt x 904.37875pt>
File: Images4/120.jpg Graphic file (type jpg)
 <use Images4/120.jpg>
Package pdftex.def Info: Images4/120.jpg used on input line 46.
(pdftex.def)             Requested size: 193.19337pt x 144.92435pt.

<Images4/121.jpg, id=230, 1205.50375pt x 904.37875pt>
File: Images4/121.jpg Graphic file (type jpg)
 <use Images4/121.jpg>
Package pdftex.def Info: Images4/121.jpg used on input line 46.
(pdftex.def)             Requested size: 193.19337pt x 144.92435pt.

<Images4/122.jpg, id=231, 1205.50375pt x 904.37875pt>
File: Images4/122.jpg Graphic file (type jpg)
 <use Images4/122.jpg>
Package pdftex.def Info: Images4/122.jpg used on input line 46.
(pdftex.def)             Requested size: 193.19337pt x 144.92435pt.

<Images4/123.jpg, id=232, 1205.50375pt x 904.37875pt>
File: Images4/123.jpg Graphic file (type jpg)
 <use Images4/123.jpg>
Package pdftex.def Info: Images4/123.jpg used on input line 46.
(pdftex.def)             Requested size: 193.19337pt x 144.92435pt.

<Images4/124.jpg, id=233, 1205.50375pt x 904.37875pt>
File: Images4/124.jpg Graphic file (type jpg)
 <use Images4/124.jpg>
Package pdftex.def Info: Images4/124.jpg used on input line 46.
(pdftex.def)             Requested size: 193.19337pt x 144.92435pt.

<Images4/125.jpg, id=234, 1205.50375pt x 904.37875pt>
File: Images4/125.jpg Graphic file (type jpg)
 <use Images4/125.jpg>
Package pdftex.def Info: Images4/125.jpg used on input line 46.
(pdftex.def)             Requested size: 193.19337pt x 144.92435pt.

<Images4/126.jpg, id=235, 1205.50375pt x 904.37875pt>
File: Images4/126.jpg Graphic file (type jpg)
 <use Images4/126.jpg>
Package pdftex.def Info: Images4/126.jpg used on input line 46.
(pdftex.def)             Requested size: 193.19337pt x 144.92435pt.

<Images4/127.jpg, id=236, 1205.50375pt x 904.37875pt>
File: Images4/127.jpg Graphic file (type jpg)
 <use Images4/127.jpg>
Package pdftex.def Info: Images4/127.jpg used on input line 46.
(pdftex.def)             Requested size: 193.19337pt x 144.92435pt.

<Images4/128.jpg, id=237, 1205.50375pt x 904.37875pt>
File: Images4/128.jpg Graphic file (type jpg)
 <use Images4/128.jpg>
Package pdftex.def Info: Images4/128.jpg used on input line 46.
(pdftex.def)             Requested size: 193.19337pt x 144.92435pt.

<Images4/129.jpg, id=238, 1205.50375pt x 904.37875pt>
File: Images4/129.jpg Graphic file (type jpg)
 <use Images4/129.jpg>
Package pdftex.def Info: Images4/129.jpg used on input line 46.
(pdftex.def)             Requested size: 193.19337pt x 144.92435pt.

Overfull \hbox (10.00002pt too wide) in paragraph at lines 46--47
[]$[]$ $[]$
 []


Overfull \hbox (10.00002pt too wide) in paragraph at lines 46--47
[]$ $[]$
 []


Overfull \hbox (10.00002pt too wide) in paragraph at lines 46--47
[]$ $[]$
 []


Overfull \hbox (10.00002pt too wide) in paragraph at lines 46--47
[]$ $[]$
 []


Overfull \hbox (10.00002pt too wide) in paragraph at lines 46--47
[]$ $[]$
 []


Underfull \hbox (badness 10000) in paragraph at lines 46--47

 []

[18] [19 <./Images4/110.jpg> <./Images4/111.jpg> <./Images4/112.jpg> <./Images4
/113.jpg> <./Images4/114.jpg> <./Images4/115.jpg> <./Images4/116.jpg> <./Images
4/117.jpg> <./Images4/118.jpg> <./Images4/119.jpg>] [20 <./Images4/120.jpg> <./
Images4/121.jpg> <./Images4/122.jpg> <./Images4/123.jpg> <./Images4/124.jpg> <.
/Images4/125.jpg> <./Images4/126.jpg> <./Images4/127.jpg> <./Images4/128.jpg> <
./Images4/129.jpg>] <Images4/200.jpg, id=255, 1205.50375pt x 904.37875pt>
File: Images4/200.jpg Graphic file (type jpg)

<use Images4/200.jpg>
Package pdftex.def Info: Images4/200.jpg used on input line 58.
(pdftex.def)             Requested size: 176.63454pt x 132.50462pt.
 <Images4/201.jpg, id=256, 1205.50375pt x 904.37875pt>
File: Images4/201.jpg Graphic file (type jpg)

<use Images4/201.jpg>
Package pdftex.def Info: Images4/201.jpg used on input line 58.
(pdftex.def)             Requested size: 176.63454pt x 132.50462pt.
 <Images4/202.jpg, id=257, 1205.50375pt x 904.37875pt>
File: Images4/202.jpg Graphic file (type jpg)

<use Images4/202.jpg>
Package pdftex.def Info: Images4/202.jpg used on input line 58.
(pdftex.def)             Requested size: 176.63454pt x 132.50462pt.
 <Images4/203.jpg, id=258, 1205.50375pt x 904.37875pt>
File: Images4/203.jpg Graphic file (type jpg)

<use Images4/203.jpg>
Package pdftex.def Info: Images4/203.jpg used on input line 58.
(pdftex.def)             Requested size: 176.63454pt x 132.50462pt.
 <Images4/204.jpg, id=259, 1205.50375pt x 904.37875pt>
File: Images4/204.jpg Graphic file (type jpg)

<use Images4/204.jpg>
Package pdftex.def Info: Images4/204.jpg used on input line 58.
(pdftex.def)             Requested size: 176.63454pt x 132.50462pt.
 <Images4/205.jpg, id=260, 1205.50375pt x 904.37875pt>
File: Images4/205.jpg Graphic file (type jpg)

<use Images4/205.jpg>
Package pdftex.def Info: Images4/205.jpg used on input line 58.
(pdftex.def)             Requested size: 176.63454pt x 132.50462pt.
 <Images4/206.jpg, id=261, 1205.50375pt x 904.37875pt>
File: Images4/206.jpg Graphic file (type jpg)

<use Images4/206.jpg>
Package pdftex.def Info: Images4/206.jpg used on input line 58.
(pdftex.def)             Requested size: 176.63454pt x 132.50462pt.
 <Images4/207.jpg, id=262, 1205.50375pt x 904.37875pt>
File: Images4/207.jpg Graphic file (type jpg)

<use Images4/207.jpg>
Package pdftex.def Info: Images4/207.jpg used on input line 58.
(pdftex.def)             Requested size: 176.63454pt x 132.50462pt.
 <Images4/208.jpg, id=263, 1205.50375pt x 904.37875pt>
File: Images4/208.jpg Graphic file (type jpg)

<use Images4/208.jpg>
Package pdftex.def Info: Images4/208.jpg used on input line 58.
(pdftex.def)             Requested size: 176.63454pt x 132.50462pt.
 <Images4/209.jpg, id=264, 1205.50375pt x 904.37875pt>
File: Images4/209.jpg Graphic file (type jpg)

<use Images4/209.jpg>
Package pdftex.def Info: Images4/209.jpg used on input line 58.
(pdftex.def)             Requested size: 176.63454pt x 132.50462pt.

Overfull \hbox (10.00002pt too wide) in paragraph at lines 58--59
[]$[]$ $[]$
 []


Overfull \hbox (10.00002pt too wide) in paragraph at lines 58--59
[]$ $[]$
 []


Overfull \hbox (10.00002pt too wide) in paragraph at lines 58--59
[]$ $[]$
 []


Overfull \hbox (10.00002pt too wide) in paragraph at lines 58--59
[]$ $[]$
 []


Overfull \hbox (10.00002pt too wide) in paragraph at lines 58--59
[]$ $[]$
 []


Underfull \hbox (badness 10000) in paragraph at lines 58--59

 []

<Images4/210.jpg, id=265, 1205.50375pt x 904.37875pt>
File: Images4/210.jpg Graphic file (type jpg)
 <use Images4/210.jpg>
Package pdftex.def Info: Images4/210.jpg used on input line 66.
(pdftex.def)             Requested size: 176.63454pt x 132.50462pt.

<Images4/211.jpg, id=266, 1205.50375pt x 904.37875pt>
File: Images4/211.jpg Graphic file (type jpg)
 <use Images4/211.jpg>
Package pdftex.def Info: Images4/211.jpg used on input line 66.
(pdftex.def)             Requested size: 176.63454pt x 132.50462pt.

<Images4/212.jpg, id=267, 1205.50375pt x 904.37875pt>
File: Images4/212.jpg Graphic file (type jpg)
 <use Images4/212.jpg>
Package pdftex.def Info: Images4/212.jpg used on input line 66.
(pdftex.def)             Requested size: 176.63454pt x 132.50462pt.

<Images4/213.jpg, id=268, 1205.50375pt x 904.37875pt>
File: Images4/213.jpg Graphic file (type jpg)
 <use Images4/213.jpg>
Package pdftex.def Info: Images4/213.jpg used on input line 66.
(pdftex.def)             Requested size: 176.63454pt x 132.50462pt.

<Images4/214.jpg, id=269, 1205.50375pt x 904.37875pt>
File: Images4/214.jpg Graphic file (type jpg)
 <use Images4/214.jpg>
Package pdftex.def Info: Images4/214.jpg used on input line 66.
(pdftex.def)             Requested size: 176.63454pt x 132.50462pt.

<Images4/215.jpg, id=270, 1205.50375pt x 904.37875pt>
File: Images4/215.jpg Graphic file (type jpg)
 <use Images4/215.jpg>
Package pdftex.def Info: Images4/215.jpg used on input line 66.
(pdftex.def)             Requested size: 176.63454pt x 132.50462pt.

<Images4/216.jpg, id=271, 1205.50375pt x 904.37875pt>
File: Images4/216.jpg Graphic file (type jpg)
 <use Images4/216.jpg>
Package pdftex.def Info: Images4/216.jpg used on input line 66.
(pdftex.def)             Requested size: 176.63454pt x 132.50462pt.

<Images4/217.jpg, id=272, 1205.50375pt x 904.37875pt>
File: Images4/217.jpg Graphic file (type jpg)
 <use Images4/217.jpg>
Package pdftex.def Info: Images4/217.jpg used on input line 66.
(pdftex.def)             Requested size: 176.63454pt x 132.50462pt.

<Images4/218.jpg, id=273, 1205.50375pt x 904.37875pt>
File: Images4/218.jpg Graphic file (type jpg)
 <use Images4/218.jpg>
Package pdftex.def Info: Images4/218.jpg used on input line 66.
(pdftex.def)             Requested size: 176.63454pt x 132.50462pt.

<Images4/219.jpg, id=274, 1205.50375pt x 904.37875pt>
File: Images4/219.jpg Graphic file (type jpg)
 <use Images4/219.jpg>
Package pdftex.def Info: Images4/219.jpg used on input line 66.
(pdftex.def)             Requested size: 176.63454pt x 132.50462pt.

Overfull \hbox (10.00002pt too wide) in paragraph at lines 66--67
[]$[]$ $[]$
 []


Overfull \hbox (10.00002pt too wide) in paragraph at lines 66--67
[]$ $[]$
 []


Overfull \hbox (10.00002pt too wide) in paragraph at lines 66--67
[]$ $[]$
 []


Overfull \hbox (10.00002pt too wide) in paragraph at lines 66--67
[]$ $[]$
 []


Overfull \hbox (10.00002pt too wide) in paragraph at lines 66--67
[]$ $[]$
 []


Underfull \hbox (badness 10000) in paragraph at lines 66--67

 []

) [21 <./Images4/200.jpg> <./Images4/201.jpg> <./Images4/202.jpg> <./Images4/20
3.jpg> <./Images4/204.jpg> <./Images4/205.jpg> <./Images4/206.jpg> <./Images4/2
07.jpg> <./Images4/208.jpg> <./Images4/209.jpg>] [22 <./Images4/210.jpg> <./Ima
ges4/211.jpg> <./Images4/212.jpg> <./Images4/213.jpg> <./Images4/214.jpg> <./Im
ages4/215.jpg> <./Images4/216.jpg> <./Images4/217.jpg> <./Images4/218.jpg> <./I
mages4/219.jpg>]
\openout2 = `Appendix.aux'.

 (./Appendix.tex
(/usr/share/texlive/texmf-dist/tex/latex/listings/lstlang1.sty
File: lstlang1.sty 2015/06/04 1.6 listings language file
)
(./Code4/First_Part.m [23


]) (./Code4/Second_Part.m [24]
LaTeX Font Info:    Font shape `OMS/cmr/m/n' in size <8> not available
(Font)              Font shape `OMS/cmsy/m/n' tried instead on input line 57.
 [25])
(./Code4/Bounding.m) (./Code4/CalculateRRE.m) (./Code4/Dipole_Location_Error.m)
(./Code4/Dipole_Orientation_Error.m) (./Code4/Dipole_Position_Inverse.m)
(./Code4/Draw_Nouse.m [26]) (./Code4/DrawSpehere.m) (./Code4/Electrod_Names.m)
(./Code4/Electrode_Position_V.m) (./Code4/Estimation_Error.m)
(./Code4/Generate_Random_Dipole.m
LaTeX Font Info:    Try loading font information for OML+cmr on input line 10.

(/usr/share/texlive/texmf-dist/tex/latex/base/omlcmr.fd
File: omlcmr.fd 2014/09/29 v2.5h Standard LaTeX font definitions
)
LaTeX Font Info:    Font shape `OML/cmr/m/n' in size <8> not available
(Font)              Font shape `OML/cmm/m/it' tried instead on input line 10.
 [27])
(./Code4/Generate_Random_Dipoles.m) (./Code4/GenerateDipole.m)
(./Code4/GenerateTimeSeries.m) (./Code4/Labeling.m)
(./Code4/Localization_Error.m [28]) (./Code4/Minimize_Function.m)
(./Code4/PLG.m) (./Code4/Plot_EE.m) (./Code4/Plot_Electrode_Potential.m)
(./Code4/PlotEEG.m [29]) (./Code4/PlotPotemtialMap.m) (./Code4/PlotRRE.m)
(./Code4/PlotSIR.m) (./Code4/Position_Of_Electrodes.m)
(./Code4/Potential_Distribution.m [30]) (./Code4/Potential_Movie.m)
(./Code4/RandomInsideSphere.m) (./Code4/RotateDipole.m) (./Code4/Save_Image.m)
(./Code4/Show_Dipole_Placement.m [31]) (./Code4/Simulate_EEG.m)
(./Code4/Solve_Inverse_Problem.m) (./Code4/Solve_Inverse_Problem_Dipole_Ana.m)
(./Code4/Spherical_Head_Model.m [32] [33])
(./Code4/Spherical_To_Cartesian_Coordiante.m)
(./Code4/Vangjush_Parameter_2_Latex_Table.m)
(./Code4/Vangjush_Parameter_2_Latex_Table1.m [34])
(./Code4/Vangjush_Parameter_2_Latex_Table2.m) (./Code4/Vangjush_PlotEEG.m))
[35]
Package atveryend Info: Empty hook `BeforeClearDocument' on input line 109.
Package atveryend Info: Empty hook `AfterLastShipout' on input line 109.
 (./main.aux (./Q1.aux) (./Q2.aux) (./A1.aux) (./A2.aux) (./Appendix.aux))
Package atveryend Info: Executing hook `AtVeryEndDocument' on input line 109.
Package atveryend Info: Executing hook `AtEndAfterFileList' on input line 109.


Package rerunfilecheck Warning: File `main.out' has changed.
(rerunfilecheck)                Rerun to get outlines right
(rerunfilecheck)                or use package `bookmark'.

Package rerunfilecheck Info: Checksums for `main.out':
(rerunfilecheck)             Before: <no file>
(rerunfilecheck)             After:  C24E434C22158AC0B6BDBDEE18B5D103;2264.

LaTeX Warning: There were undefined references.


LaTeX Warning: Label(s) may have changed. Rerun to get cross-references right.

Package atveryend Info: Empty hook `AtVeryVeryEnd' on input line 109.
 ) 
Here is how much of TeX's memory you used:
 18542 strings out of 494910
 305240 string characters out of 6179836
 733662 words of memory out of 5000000
 20245 multiletter control sequences out of 15000+600000
 13010 words of font info for 50 fonts, out of 8000000 for 9000
 36 hyphenation exceptions out of 8191
 59i,15n,94p,4856b,2236s stack positions out of 5000i,500n,10000p,200000b,80000s
</usr/share/texlive/texmf-dist/fonts/type1/public/amsfonts/cm/cmbx10.pfb></us
r/share/texlive/texmf-dist/fonts/type1/public/amsfonts/cm/cmbx12.pfb></usr/shar
e/texlive/texmf-dist/fonts/type1/public/amsfonts/cm/cmex10.pfb></usr/share/texl
ive/texmf-dist/fonts/type1/public/amsfonts/cm/cmmi10.pfb></usr/share/texlive/te
xmf-dist/fonts/type1/public/amsfonts/cm/cmmi7.pfb></usr/share/texlive/texmf-dis
t/fonts/type1/public/amsfonts/cm/cmmi8.pfb></usr/share/texlive/texmf-dist/fonts
/type1/public/amsfonts/cm/cmr10.pfb></usr/share/texlive/texmf-dist/fonts/type1/
public/amsfonts/cm/cmr12.pfb></usr/share/texlive/texmf-dist/fonts/type1/public/
amsfonts/cm/cmr17.pfb></usr/share/texlive/texmf-dist/fonts/type1/public/amsfont
s/cm/cmr5.pfb></usr/share/texlive/texmf-dist/fonts/type1/public/amsfonts/cm/cmr
7.pfb></usr/share/texlive/texmf-dist/fonts/type1/public/amsfonts/cm/cmr8.pfb></
usr/share/texlive/texmf-dist/fonts/type1/public/amsfonts/cm/cmr9.pfb></usr/shar
e/texlive/texmf-dist/fonts/type1/public/amsfonts/cm/cmsy10.pfb></usr/share/texl
ive/texmf-dist/fonts/type1/public/amsfonts/cm/cmsy7.pfb></usr/share/texlive/tex
mf-dist/fonts/type1/public/amsfonts/cm/cmsy8.pfb></usr/share/texlive/texmf-dist
/fonts/type1/public/amsfonts/cm/cmti10.pfb></usr/share/texlive/texmf-dist/fonts
/type1/public/amsfonts/cm/cmti12.pfb></usr/share/texlive/texmf-dist/fonts/type1
/public/amsfonts/cm/cmtt10.pfb>
Output written on main.pdf (35 pages, 5418752 bytes).
PDF statistics:
 1591 PDF objects out of 1728 (max. 8388607)
 1447 compressed objects within 15 object streams
 1087 named destinations out of 1200 (max. 500000)
 366 words of extra memory for PDF output out of 10000 (max. 10000000)

