This is pdfTeX, Version 3.14159265-2.6-1.40.16 (TeX Live 2015/Debian) (preloaded format=pdflatex 2016.8.28)  7 SEP 2016 00:43
entering extended mode
 restricted \write18 enabled.
 %&-line parsing enabled.
**main.tex
(./main.tex
LaTeX2e <2016/02/01>
Babel <3.9q> and hyphenation patterns for 5 language(s) loaded.
(/usr/share/texlive/texmf-dist/tex/latex/base/article.cls
Document Class: article 2014/09/29 v1.4h Standard LaTeX document class
(/usr/share/texlive/texmf-dist/tex/latex/base/size10.clo
File: size10.clo 2014/09/29 v1.4h Standard LaTeX file (size option)
)
\c@part=\count79
\c@section=\count80
\c@subsection=\count81
\c@subsubsection=\count82
\c@paragraph=\count83
\c@subparagraph=\count84
\c@figure=\count85
\c@table=\count86
\abovecaptionskip=\skip41
\belowcaptionskip=\skip42
\bibindent=\dimen102
)
(/usr/share/texlive/texmf-dist/tex/latex/fancyhdr/fancyhdr.sty
\fancy@headwidth=\skip43
\f@ncyO@elh=\skip44
\f@ncyO@erh=\skip45
\f@ncyO@olh=\skip46
\f@ncyO@orh=\skip47
\f@ncyO@elf=\skip48
\f@ncyO@erf=\skip49
\f@ncyO@olf=\skip50
\f@ncyO@orf=\skip51
)
(/usr/share/texlive/texmf-dist/tex/latex/graphics/graphicx.sty
Package: graphicx 2014/10/28 v1.0g Enhanced LaTeX Graphics (DPC,SPQR)

(/usr/share/texlive/texmf-dist/tex/latex/graphics/keyval.sty
Package: keyval 2014/10/28 v1.15 key=value parser (DPC)
\KV@toks@=\toks14
)
(/usr/share/texlive/texmf-dist/tex/latex/graphics/graphics.sty
Package: graphics 2016/01/03 v1.0q Standard LaTeX Graphics (DPC,SPQR)

(/usr/share/texlive/texmf-dist/tex/latex/graphics/trig.sty
Package: trig 2016/01/03 v1.10 sin cos tan (DPC)
)
(/usr/share/texlive/texmf-dist/tex/latex/latexconfig/graphics.cfg
File: graphics.cfg 2010/04/23 v1.9 graphics configuration of TeX Live
)
Package graphics Info: Driver file: pdftex.def on input line 95.

(/usr/share/texlive/texmf-dist/tex/latex/pdftex-def/pdftex.def
File: pdftex.def 2011/05/27 v0.06d Graphics/color for pdfTeX

(/usr/share/texlive/texmf-dist/tex/generic/oberdiek/infwarerr.sty
Package: infwarerr 2010/04/08 v1.3 Providing info/warning/error messages (HO)
)
(/usr/share/texlive/texmf-dist/tex/generic/oberdiek/ltxcmds.sty
Package: ltxcmds 2011/11/09 v1.22 LaTeX kernel commands for general use (HO)
)
\Gread@gobject=\count87
))
\Gin@req@height=\dimen103
\Gin@req@width=\dimen104
)
(/usr/share/texlive/texmf-dist/tex/latex/sidecap/sidecap.sty
Package: sidecap 2003/06/06 v1.6f SideCap Package (RN/HjG)

(/usr/share/texlive/texmf-dist/tex/latex/base/ifthen.sty
Package: ifthen 2014/09/29 v1.1c Standard LaTeX ifthen package (DPC)
)
\SC@BOXWD=\dimen105
\SC@CAPWD=\dimen106
\SC@tempdima=\dimen107
\SC@tempdimb=\dimen108
\c@SC@C=\count88
\SC@BOX=\box26
)
(/usr/share/texlive/texmf-dist/tex/latex/listings/listings.sty
\lst@mode=\count89
\lst@gtempboxa=\box27
\lst@token=\toks15
\lst@length=\count90
\lst@currlwidth=\dimen109
\lst@column=\count91
\lst@pos=\count92
\lst@lostspace=\dimen110
\lst@width=\dimen111
\lst@newlines=\count93
\lst@lineno=\count94
\lst@maxwidth=\dimen112

(/usr/share/texlive/texmf-dist/tex/latex/listings/lstmisc.sty
File: lstmisc.sty 2015/06/04 1.6 (Carsten Heinz)
\c@lstnumber=\count95
\lst@skipnumbers=\count96
\lst@framebox=\box28
)
(/usr/share/texlive/texmf-dist/tex/latex/listings/listings.cfg
File: listings.cfg 2015/06/04 1.6 listings configuration
))
Package: listings 2015/06/04 1.6 (Carsten Heinz)

(/usr/share/texlive/texmf-dist/tex/latex/graphics/color.sty
Package: color 2016/01/03 v1.1b Standard LaTeX Color (DPC)

(/usr/share/texlive/texmf-dist/tex/latex/latexconfig/color.cfg
File: color.cfg 2007/01/18 v1.5 color configuration of teTeX/TeXLive
)
Package color Info: Driver file: pdftex.def on input line 143.
)
(/usr/share/texlive/texmf-dist/tex/latex/adjustbox/adjustbox.sty
Package: adjustbox 2012/05/21 v1.0 Adjusting TeX boxes (trim, clip, ...)

(/usr/share/texlive/texmf-dist/tex/latex/xkeyval/xkeyval.sty
Package: xkeyval 2014/12/03 v2.7a package option processing (HA)

(/usr/share/texlive/texmf-dist/tex/generic/xkeyval/xkeyval.tex
(/usr/share/texlive/texmf-dist/tex/generic/xkeyval/xkvutils.tex
\XKV@toks=\toks16
\XKV@tempa@toks=\toks17
)
\XKV@depth=\count97
File: xkeyval.tex 2014/12/03 v2.7a key=value parser (HA)
))
(/usr/share/texlive/texmf-dist/tex/latex/adjustbox/adjcalc.sty
Package: adjcalc 2012/05/16 v1.1 Provides advanced setlength with multiple back
-ends (calc, etex, pgfmath)
)
(/usr/share/texlive/texmf-dist/tex/latex/adjustbox/trimclip.sty
Package: trimclip 2012/05/16 v1.0 Trim and clip general TeX material

(/usr/share/texlive/texmf-dist/tex/latex/collectbox/collectbox.sty
Package: collectbox 2012/05/17 v0.4b Collect macro arguments as boxes
\collectedbox=\box29
)
\tc@llx=\dimen113
\tc@lly=\dimen114
\tc@urx=\dimen115
\tc@ury=\dimen116
Package trimclip Info: Using driver 'tc-pdftex.def'.

(/usr/share/texlive/texmf-dist/tex/latex/adjustbox/tc-pdftex.def
File: tc-pdftex.def 2012/05/13 v1.0 Clipping driver for pdftex
))
\adjbox@Width=\dimen117
\adjbox@Height=\dimen118
\adjbox@Depth=\dimen119
\adjbox@Totalheight=\dimen120

(/usr/share/texlive/texmf-dist/tex/latex/ifoddpage/ifoddpage.sty
Package: ifoddpage 2011/09/13 v1.0 Conditionals for odd/even page detection
\c@checkoddpage=\count98
)
(/usr/share/texlive/texmf-dist/tex/latex/varwidth/varwidth.sty
Package: varwidth 2009/03/30 ver 0.92;  Variable-width minipages
\@vwid@box=\box30
\sift@deathcycles=\count99
\@vwid@loff=\dimen121
\@vwid@roff=\dimen122
))
(/usr/share/texlive/texmf-dist/tex/latex/caption/subcaption.sty
Package: subcaption 2016/02/20 v1.1-142 Sub-captions (AR)

(/usr/share/texlive/texmf-dist/tex/latex/caption/caption.sty
Package: caption 2016/02/21 v3.3-144 Customizing captions (AR)

(/usr/share/texlive/texmf-dist/tex/latex/caption/caption3.sty
Package: caption3 2016/02/04 v1.7-139 caption3 kernel (AR)
Package caption3 Info: TeX engine: e-TeX on input line 67.
\captionmargin=\dimen123
\captionmargin@=\dimen124
\captionwidth=\dimen125
\caption@tempdima=\dimen126
\caption@indent=\dimen127
\caption@parindent=\dimen128
\caption@hangindent=\dimen129
)
\c@ContinuedFloat=\count100
Package caption Info: listings package is loaded.
Package caption Info: sidecap package is loaded.
)
\c@subfigure=\count101
\c@subtable=\count102
)
(/usr/share/texlive/texmf-dist/tex/latex/filecontents/filecontents.sty
Package: filecontents 2011/10/08 v1.3 Create an external file from within a LaT
eX document
)
(/usr/share/texlive/texmf-dist/tex/latex/pgf/utilities/pgffor.sty
(/usr/share/texlive/texmf-dist/tex/latex/pgf/utilities/pgfrcs.sty
(/usr/share/texlive/texmf-dist/tex/generic/pgf/utilities/pgfutil-common.tex
\pgfutil@everybye=\toks18
\pgfutil@tempdima=\dimen130
\pgfutil@tempdimb=\dimen131

(/usr/share/texlive/texmf-dist/tex/generic/pgf/utilities/pgfutil-common-lists.t
ex)) (/usr/share/texlive/texmf-dist/tex/generic/pgf/utilities/pgfutil-latex.def
\pgfutil@abb=\box31
(/usr/share/texlive/texmf-dist/tex/latex/ms/everyshi.sty
Package: everyshi 2001/05/15 v3.00 EveryShipout Package (MS)
))
(/usr/share/texlive/texmf-dist/tex/generic/pgf/utilities/pgfrcs.code.tex
Package: pgfrcs 2015/08/07 v3.0.1a (rcs-revision 1.31)
))
(/usr/share/texlive/texmf-dist/tex/latex/pgf/utilities/pgfkeys.sty
(/usr/share/texlive/texmf-dist/tex/generic/pgf/utilities/pgfkeys.code.tex
\pgfkeys@pathtoks=\toks19
\pgfkeys@temptoks=\toks20

(/usr/share/texlive/texmf-dist/tex/generic/pgf/utilities/pgfkeysfiltered.code.t
ex
\pgfkeys@tmptoks=\toks21
))) (/usr/share/texlive/texmf-dist/tex/latex/pgf/math/pgfmath.sty
(/usr/share/texlive/texmf-dist/tex/generic/pgf/math/pgfmath.code.tex
(/usr/share/texlive/texmf-dist/tex/generic/pgf/math/pgfmathcalc.code.tex
(/usr/share/texlive/texmf-dist/tex/generic/pgf/math/pgfmathutil.code.tex
\pgf@x=\dimen132
\pgf@xa=\dimen133
\pgf@xb=\dimen134
\pgf@xc=\dimen135
\pgf@y=\dimen136
\pgf@ya=\dimen137
\pgf@yb=\dimen138
\pgf@yc=\dimen139
\c@pgf@counta=\count103
\c@pgf@countb=\count104
\c@pgf@countc=\count105
\c@pgf@countd=\count106
)
(/usr/share/texlive/texmf-dist/tex/generic/pgf/math/pgfmathparser.code.tex
\pgfmath@dimen=\dimen140
\pgfmath@count=\count107
\pgfmath@box=\box32
\pgfmath@toks=\toks22
\pgfmath@stack@operand=\toks23
\pgfmath@stack@operation=\toks24
)
(/usr/share/texlive/texmf-dist/tex/generic/pgf/math/pgfmathfunctions.code.tex
(/usr/share/texlive/texmf-dist/tex/generic/pgf/math/pgfmathfunctions.basic.code
.tex)
(/usr/share/texlive/texmf-dist/tex/generic/pgf/math/pgfmathfunctions.trigonomet
ric.code.tex)
(/usr/share/texlive/texmf-dist/tex/generic/pgf/math/pgfmathfunctions.random.cod
e.tex)
(/usr/share/texlive/texmf-dist/tex/generic/pgf/math/pgfmathfunctions.comparison
.code.tex)
(/usr/share/texlive/texmf-dist/tex/generic/pgf/math/pgfmathfunctions.base.code.
tex)
(/usr/share/texlive/texmf-dist/tex/generic/pgf/math/pgfmathfunctions.round.code
.tex)
(/usr/share/texlive/texmf-dist/tex/generic/pgf/math/pgfmathfunctions.misc.code.
tex)
(/usr/share/texlive/texmf-dist/tex/generic/pgf/math/pgfmathfunctions.integerari
thmetics.code.tex)))
(/usr/share/texlive/texmf-dist/tex/generic/pgf/math/pgfmathfloat.code.tex
\c@pgfmathroundto@lastzeros=\count108
)))
(/usr/share/texlive/texmf-dist/tex/generic/pgf/utilities/pgffor.code.tex
Package: pgffor 2013/12/13 v3.0.1a (rcs-revision 1.25)

(/usr/share/texlive/texmf-dist/tex/generic/pgf/math/pgfmath.code.tex)
\pgffor@iter=\dimen141
\pgffor@skip=\dimen142
\pgffor@stack=\toks25
\pgffor@toks=\toks26
))
(/usr/share/texlive/texmf-dist/tex/latex/forloop/forloop.sty
Package: forloop 2006/09/18 v3.0 For Loops for LaTeX
)
(/usr/share/texlive/texmf-dist/tex/latex/amsmath/amsmath.sty
Package: amsmath 2016/03/03 v2.15a AMS math features
\@mathmargin=\skip52

For additional information on amsmath, use the `?' option.
(/usr/share/texlive/texmf-dist/tex/latex/amsmath/amstext.sty
Package: amstext 2000/06/29 v2.01 AMS text

(/usr/share/texlive/texmf-dist/tex/latex/amsmath/amsgen.sty
File: amsgen.sty 1999/11/30 v2.0 generic functions
\@emptytoks=\toks27
\ex@=\dimen143
))
(/usr/share/texlive/texmf-dist/tex/latex/amsmath/amsbsy.sty
Package: amsbsy 1999/11/29 v1.2d Bold Symbols
\pmbraise@=\dimen144
)
(/usr/share/texlive/texmf-dist/tex/latex/amsmath/amsopn.sty
Package: amsopn 1999/12/14 v2.01 operator names
)
\inf@bad=\count109
LaTeX Info: Redefining \frac on input line 199.
\uproot@=\count110
\leftroot@=\count111
LaTeX Info: Redefining \overline on input line 297.
\classnum@=\count112
\DOTSCASE@=\count113
LaTeX Info: Redefining \ldots on input line 394.
LaTeX Info: Redefining \dots on input line 397.
LaTeX Info: Redefining \cdots on input line 518.
\Mathstrutbox@=\box33
\strutbox@=\box34
\big@size=\dimen145
LaTeX Font Info:    Redeclaring font encoding OML on input line 630.
LaTeX Font Info:    Redeclaring font encoding OMS on input line 631.
\macc@depth=\count114
\c@MaxMatrixCols=\count115
\dotsspace@=\muskip10
\c@parentequation=\count116
\dspbrk@lvl=\count117
\tag@help=\toks28
\row@=\count118
\column@=\count119
\maxfields@=\count120
\andhelp@=\toks29
\eqnshift@=\dimen146
\alignsep@=\dimen147
\tagshift@=\dimen148
\tagwidth@=\dimen149
\totwidth@=\dimen150
\lineht@=\dimen151
\@envbody=\toks30
\multlinegap=\skip53
\multlinetaggap=\skip54
\mathdisplay@stack=\toks31
LaTeX Info: Redefining \[ on input line 2735.
LaTeX Info: Redefining \] on input line 2736.
)
(/usr/share/texlive/texmf-dist/tex/latex/amsfonts/amssymb.sty
Package: amssymb 2013/01/14 v3.01 AMS font symbols

(/usr/share/texlive/texmf-dist/tex/latex/amsfonts/amsfonts.sty
Package: amsfonts 2013/01/14 v3.01 Basic AMSFonts support
\symAMSa=\mathgroup4
\symAMSb=\mathgroup5
LaTeX Font Info:    Overwriting math alphabet `\mathfrak' in version `bold'
(Font)                  U/euf/m/n --> U/euf/b/n on input line 106.
))
(/usr/share/texlive/texmf-dist/tex/latex/lineno/lineno.sty
Package: lineno 2005/11/02 line numbers on paragraphs v4.41
\linenopenalty=\count121
\output=\toks32
\linenoprevgraf=\count122
\linenumbersep=\dimen152
\linenumberwidth=\dimen153
\c@linenumber=\count123
\c@pagewiselinenumber=\count124
\c@LN@truepage=\count125
\c@internallinenumber=\count126
\c@internallinenumbers=\count127
\quotelinenumbersep=\dimen154
\bframerule=\dimen155
\bframesep=\dimen156
\bframebox=\box35
LaTeX Info: Redefining \\ on input line 3056.
)
(/usr/share/texlive/texmf-dist/tex/latex/hyperref/hyperref.sty
Package: hyperref 2012/11/06 v6.83m Hypertext links for LaTeX

(/usr/share/texlive/texmf-dist/tex/generic/oberdiek/hobsub-hyperref.sty
Package: hobsub-hyperref 2012/05/28 v1.13 Bundle oberdiek, subset hyperref (HO)


(/usr/share/texlive/texmf-dist/tex/generic/oberdiek/hobsub-generic.sty
Package: hobsub-generic 2012/05/28 v1.13 Bundle oberdiek, subset generic (HO)
Package: hobsub 2012/05/28 v1.13 Construct package bundles (HO)
Package hobsub Info: Skipping package `infwarerr' (already loaded).
Package hobsub Info: Skipping package `ltxcmds' (already loaded).
Package: ifluatex 2010/03/01 v1.3 Provides the ifluatex switch (HO)
Package ifluatex Info: LuaTeX not detected.
Package: ifvtex 2010/03/01 v1.5 Detect VTeX and its facilities (HO)
Package ifvtex Info: VTeX not detected.
Package: intcalc 2007/09/27 v1.1 Expandable calculations with integers (HO)
Package: ifpdf 2011/01/30 v2.3 Provides the ifpdf switch (HO)
Package ifpdf Info: pdfTeX in PDF mode is detected.
Package: etexcmds 2011/02/16 v1.5 Avoid name clashes with e-TeX commands (HO)
Package etexcmds Info: Could not find \expanded.
(etexcmds)             That can mean that you are not using pdfTeX 1.50 or
(etexcmds)             that some package has redefined \expanded.
(etexcmds)             In the latter case, load this package earlier.
Package: kvsetkeys 2012/04/25 v1.16 Key value parser (HO)
Package: kvdefinekeys 2011/04/07 v1.3 Define keys (HO)
Package: pdftexcmds 2011/11/29 v0.20 Utility functions of pdfTeX for LuaTeX (HO
)
Package pdftexcmds Info: LuaTeX not detected.
Package pdftexcmds Info: \pdf@primitive is available.
Package pdftexcmds Info: \pdf@ifprimitive is available.
Package pdftexcmds Info: \pdfdraftmode found.
Package: pdfescape 2011/11/25 v1.13 Implements pdfTeX's escape features (HO)
Package: bigintcalc 2012/04/08 v1.3 Expandable calculations on big integers (HO
)
Package: bitset 2011/01/30 v1.1 Handle bit-vector datatype (HO)
Package: uniquecounter 2011/01/30 v1.2 Provide unlimited unique counter (HO)
)
Package hobsub Info: Skipping package `hobsub' (already loaded).
Package: letltxmacro 2010/09/02 v1.4 Let assignment for LaTeX macros (HO)
Package: hopatch 2012/05/28 v1.2 Wrapper for package hooks (HO)
Package: xcolor-patch 2011/01/30 xcolor patch
Package: atveryend 2011/06/30 v1.8 Hooks at the very end of document (HO)
Package atveryend Info: \enddocument detected (standard20110627).
Package: atbegshi 2011/10/05 v1.16 At begin shipout hook (HO)
Package: refcount 2011/10/16 v3.4 Data extraction from label references (HO)
Package: hycolor 2011/01/30 v1.7 Color options for hyperref/bookmark (HO)
)
(/usr/share/texlive/texmf-dist/tex/generic/ifxetex/ifxetex.sty
Package: ifxetex 2010/09/12 v0.6 Provides ifxetex conditional
)
(/usr/share/texlive/texmf-dist/tex/latex/oberdiek/auxhook.sty
Package: auxhook 2011/03/04 v1.3 Hooks for auxiliary files (HO)
)
(/usr/share/texlive/texmf-dist/tex/latex/oberdiek/kvoptions.sty
Package: kvoptions 2011/06/30 v3.11 Key value format for package options (HO)
)
\@linkdim=\dimen157
\Hy@linkcounter=\count128
\Hy@pagecounter=\count129

(/usr/share/texlive/texmf-dist/tex/latex/hyperref/pd1enc.def
File: pd1enc.def 2012/11/06 v6.83m Hyperref: PDFDocEncoding definition (HO)
)
\Hy@SavedSpaceFactor=\count130

(/usr/share/texlive/texmf-dist/tex/latex/latexconfig/hyperref.cfg
File: hyperref.cfg 2002/06/06 v1.2 hyperref configuration of TeXLive
)
Package hyperref Info: Hyper figures OFF on input line 4443.
Package hyperref Info: Link nesting OFF on input line 4448.
Package hyperref Info: Hyper index ON on input line 4451.
Package hyperref Info: Plain pages OFF on input line 4458.
Package hyperref Info: Backreferencing OFF on input line 4463.
Package hyperref Info: Implicit mode ON; LaTeX internals redefined.
Package hyperref Info: Bookmarks ON on input line 4688.
\c@Hy@tempcnt=\count131

(/usr/share/texlive/texmf-dist/tex/latex/url/url.sty
\Urlmuskip=\muskip11
Package: url 2013/09/16  ver 3.4  Verb mode for urls, etc.
)
LaTeX Info: Redefining \url on input line 5041.
\XeTeXLinkMargin=\dimen158
\Fld@menulength=\count132
\Field@Width=\dimen159
\Fld@charsize=\dimen160
Package hyperref Info: Hyper figures OFF on input line 6295.
Package hyperref Info: Link nesting OFF on input line 6300.
Package hyperref Info: Hyper index ON on input line 6303.
Package hyperref Info: backreferencing OFF on input line 6310.
Package hyperref Info: Link coloring OFF on input line 6315.
Package hyperref Info: Link coloring with OCG OFF on input line 6320.
Package hyperref Info: PDF/A mode OFF on input line 6325.
LaTeX Info: Redefining \ref on input line 6365.
LaTeX Info: Redefining \pageref on input line 6369.
\Hy@abspage=\count133
\c@Item=\count134
\c@Hfootnote=\count135
)

Package hyperref Message: Driver (autodetected): hpdftex.

(/usr/share/texlive/texmf-dist/tex/latex/hyperref/hpdftex.def
File: hpdftex.def 2012/11/06 v6.83m Hyperref driver for pdfTeX
\Fld@listcount=\count136
\c@bookmark@seq@number=\count137

(/usr/share/texlive/texmf-dist/tex/latex/oberdiek/rerunfilecheck.sty
Package: rerunfilecheck 2011/04/15 v1.7 Rerun checks for auxiliary files (HO)
Package uniquecounter Info: New unique counter `rerunfilecheck' on input line 2
82.
)
\Hy@SectionHShift=\skip55
)
(/usr/share/texlive/texmf-dist/tex/latex/mathtools/mathtools.sty
Package: mathtools 2015/11/12 v1.18 mathematical typesetting tools

(/usr/share/texlive/texmf-dist/tex/latex/tools/calc.sty
Package: calc 2014/10/28 v4.3 Infix arithmetic (KKT,FJ)
\calc@Acount=\count138
\calc@Bcount=\count139
\calc@Adimen=\dimen161
\calc@Bdimen=\dimen162
\calc@Askip=\skip56
\calc@Bskip=\skip57
LaTeX Info: Redefining \setlength on input line 80.
LaTeX Info: Redefining \addtolength on input line 81.
\calc@Ccount=\count140
\calc@Cskip=\skip58
)
(/usr/share/texlive/texmf-dist/tex/latex/mathtools/mhsetup.sty
Package: mhsetup 2010/01/21 v1.2a programming setup (MH)
)
LaTeX Info: Thecontrolsequence`\('isalreadyrobust on input line 129.
LaTeX Info: Thecontrolsequence`\)'isalreadyrobust on input line 129.
LaTeX Info: Thecontrolsequence`\['isalreadyrobust on input line 129.
LaTeX Info: Thecontrolsequence`\]'isalreadyrobust on input line 129.
\g_MT_multlinerow_int=\count141
\l_MT_multwidth_dim=\dimen163
\origjot=\skip59
\l_MT_shortvdotswithinadjustabove_dim=\dimen164
\l_MT_shortvdotswithinadjustbelow_dim=\dimen165
\l_MT_above_intertext_sep=\dimen166
\l_MT_below_intertext_sep=\dimen167
\l_MT_above_shortintertext_sep=\dimen168
\l_MT_below_shortintertext_sep=\dimen169
)
(/usr/share/texlive/texmf-dist/tex/latex/amscls/amsthm.sty
Package: amsthm 2015/03/04 v2.20.2
\thm@style=\toks33
\thm@bodyfont=\toks34
\thm@headfont=\toks35
\thm@notefont=\toks36
\thm@headpunct=\toks37
\thm@preskip=\skip60
\thm@postskip=\skip61
\thm@headsep=\skip62
\dth@everypar=\toks38
)
Package hyperref Info: Option `colorlinks' set `true' on input line 39.

(/usr/share/texlive/texmf-dist/tex/latex/geometry/geometry.sty
Package: geometry 2010/09/12 v5.6 Page Geometry
\Gm@cnth=\count142
\Gm@cntv=\count143
\c@Gm@tempcnt=\count144
\Gm@bindingoffset=\dimen170
\Gm@wd@mp=\dimen171
\Gm@odd@mp=\dimen172
\Gm@even@mp=\dimen173
\Gm@layoutwidth=\dimen174
\Gm@layoutheight=\dimen175
\Gm@layouthoffset=\dimen176
\Gm@layoutvoffset=\dimen177
\Gm@dimlist=\toks39
)

Package geometry Warning: Over-specification in `h'-direction.
    `width' (597.50787pt) is ignored.


Package geometry Warning: Over-specification in `v'-direction.
    `height' (845.04684pt) is ignored.

(/usr/share/texlive/texmf-dist/tex/latex/glossaries/base/glossaries.sty
Package: glossaries 2016/01/24 v4.21 (NLCT)

(/usr/share/texlive/texmf-dist/tex/latex/mfirstuc/mfirstuc.sty
Package: mfirstuc 2015/12/17 v2.02 (NLCT)

(/usr/share/texlive/texmf-dist/tex/latex/etoolbox/etoolbox.sty
Package: etoolbox 2015/08/02 v2.2a e-TeX tools for LaTeX (JAW)
\etb@tempcnta=\count145
)
\@glsmfirst=\toks40
\@glsmrest=\toks41
)
(/usr/share/texlive/texmf-dist/tex/latex/textcase/textcase.sty
Package: textcase 2004/10/07 v0.07 Text only upper/lower case changing (DPC)
)
(/usr/share/texlive/texmf-dist/tex/latex/xfor/xfor.sty
Package: xfor 2009/02/05 v1.05 (NLCT)
)
(/usr/share/texlive/texmf-dist/tex/latex/datatool/datatool-base.sty
Package: datatool-base 2016/01/18 v2.25 (NLCT)

(/usr/share/texlive/texmf-dist/tex/latex/substr/substr.sty
Package: substr 2009/10/20 v1.2 Handle substrings
\c@su@anzahl=\count146
)
(/usr/share/texlive/texmf-dist/tex/latex/datatool/datatool-fp.sty
Package: datatool-fp 2016/01/18 v2.25 (NLCT)

(/usr/share/texlive/texmf-dist/tex/latex/fp/fp.sty
Package: fp 1995/04/02

`Fixed Point Package', Version 0.8, April 2, 1995 (C) Michael Mehlich
(/usr/share/texlive/texmf-dist/tex/latex/fp/defpattern.sty
Package: defpattern 1994/10/12
\actioncount=\count147
)
(/usr/share/texlive/texmf-dist/tex/latex/fp/fp-basic.sty
Package: fp-basic 1996/05/13
\FP@xs=\count148
\FP@xia=\count149
\FP@xib=\count150
\FP@xfa=\count151
\FP@xfb=\count152
\FP@rega=\count153
\FP@regb=\count154
\FP@regs=\count155
\FP@times=\count156
)
(/usr/share/texlive/texmf-dist/tex/latex/fp/fp-addons.sty
Package: fp-addons 1995/03/15
)
(/usr/share/texlive/texmf-dist/tex/latex/fp/fp-snap.sty
Package: fp-snap 1995/04/05
)
(/usr/share/texlive/texmf-dist/tex/latex/fp/fp-exp.sty
Package: fp-exp 1995/04/03
)
(/usr/share/texlive/texmf-dist/tex/latex/fp/fp-trigo.sty
Package: fp-trigo 1995/04/14
)
(/usr/share/texlive/texmf-dist/tex/latex/fp/fp-pas.sty
Package: fp-pas 1994/08/29
)
(/usr/share/texlive/texmf-dist/tex/latex/fp/fp-random.sty
Package: fp-random 1995/02/23
\FPseed=\count157
)
(/usr/share/texlive/texmf-dist/tex/latex/fp/fp-eqn.sty
Package: fp-eqn 1995/04/03
)
(/usr/share/texlive/texmf-dist/tex/latex/fp/fp-upn.sty
Package: fp-upn 1996/10/21
)
(/usr/share/texlive/texmf-dist/tex/latex/fp/fp-eval.sty
Package: fp-eval 1995/04/03
)))
\@dtl@toks=\toks42
\@dtl@tmpcount=\count158
\dtl@tmplength=\skip63
\dtl@sortresult=\count159
\@dtl@numgrpsepcount=\count160
\@dtl@datatype=\count161
\dtl@codeA=\count162
\dtl@codeB=\count163
\@dtl@foreach@level=\count164
)
(/usr/share/texlive/texmf-dist/tex/latex/glossaries/base/glossaries-compatible-
307.sty
Package: glossaries-compatible-307 2016/01/24 v4.21 (NLCT)
)
\gls@level=\count165
\@gls@tmpb=\toks43
\gls@tmplen=\skip64
\glskeylisttok=\toks44
\glslabeltok=\toks45
\glsshorttok=\toks46
\glslongtok=\toks47

(/usr/share/texlive/texmf-dist/tex/latex/glossaries/styles/glossary-hypernav.st
y
Package: glossary-hypernav 2016/01/24 v4.21 (NLCT)
) (/usr/share/texlive/texmf-dist/tex/latex/glossaries/styles/glossary-list.sty
Package: glossary-list 2016/01/24 v4.21 (NLCT)
\glslistdottedwidth=\skip65
) (/usr/share/texlive/texmf-dist/tex/latex/glossaries/styles/glossary-long.sty
Package: glossary-long 2016/01/24 v4.21 (NLCT)

(/usr/share/texlive/texmf-dist/tex/latex/tools/longtable.sty
Package: longtable 2014/10/28 v4.11 Multi-page Table package (DPC)
\LTleft=\skip66
\LTright=\skip67
\LTpre=\skip68
\LTpost=\skip69
\LTchunksize=\count166
\LTcapwidth=\dimen178
\LT@head=\box36
\LT@firsthead=\box37
\LT@foot=\box38
\LT@lastfoot=\box39
\LT@cols=\count167
\LT@rows=\count168
\c@LT@tables=\count169
\c@LT@chunks=\count170
\LT@p@ftn=\toks48
)
\glsdescwidth=\skip70
\glspagelistwidth=\skip71
)
(/usr/share/texlive/texmf-dist/tex/latex/glossaries/styles/glossary-super.sty
Package: glossary-super 2016/01/24 v4.21 (NLCT)

(/usr/share/texlive/texmf-dist/tex/latex/supertabular/supertabular.sty
Package: supertabular 2004/02/20 v4.1e the supertabular environment
\c@tracingst=\count171
\ST@wd=\dimen179
\ST@rightskip=\skip72
\ST@leftskip=\skip73
\ST@parfillskip=\skip74
\ST@pageleft=\dimen180
\ST@headht=\dimen181
\ST@tailht=\dimen182
\ST@pagesofar=\dimen183
\ST@pboxht=\dimen184
\ST@lineht=\dimen185
\ST@stretchht=\dimen186
\ST@prevht=\dimen187
\ST@toadd=\dimen188
\ST@dimen=\dimen189
\ST@pbox=\box40
))
(/usr/share/texlive/texmf-dist/tex/latex/glossaries/styles/glossary-tree.sty
Package: glossary-tree 2016/01/24 v4.21 (NLCT)
\glstreeindent=\skip75
))
\glswrite=\write3
\glo@main@file=\write4
\openout4 = `main.glo'.

Package glossaries Info: Writing glossary file main.glo on input line 53.

\@input{Glossary.aux}
\openout2 = `Glossary.aux'.

No file Glossary.tex.
No file main.aux.
\openout1 = `main.aux'.

LaTeX Font Info:    Checking defaults for OML/cmm/m/it on input line 94.
LaTeX Font Info:    ... okay on input line 94.
LaTeX Font Info:    Checking defaults for T1/cmr/m/n on input line 94.
LaTeX Font Info:    ... okay on input line 94.
LaTeX Font Info:    Checking defaults for OT1/cmr/m/n on input line 94.
LaTeX Font Info:    ... okay on input line 94.
LaTeX Font Info:    Checking defaults for OMS/cmsy/m/n on input line 94.
LaTeX Font Info:    ... okay on input line 94.
LaTeX Font Info:    Checking defaults for OMX/cmex/m/n on input line 94.
LaTeX Font Info:    ... okay on input line 94.
LaTeX Font Info:    Checking defaults for U/cmr/m/n on input line 94.
LaTeX Font Info:    ... okay on input line 94.
LaTeX Font Info:    Checking defaults for PD1/pdf/m/n on input line 94.
LaTeX Font Info:    ... okay on input line 94.
(/usr/share/texlive/texmf-dist/tex/context/base/supp-pdf.mkii
[Loading MPS to PDF converter (version 2006.09.02).]
\scratchcounter=\count172
\scratchdimen=\dimen190
\scratchbox=\box41
\nofMPsegments=\count173
\nofMParguments=\count174
\everyMPshowfont=\toks49
\MPscratchCnt=\count175
\MPscratchDim=\dimen191
\MPnumerator=\count176
\makeMPintoPDFobject=\count177
\everyMPtoPDFconversion=\toks50
) (/usr/share/texlive/texmf-dist/tex/latex/oberdiek/epstopdf-base.sty
Package: epstopdf-base 2010/02/09 v2.5 Base part for package epstopdf

(/usr/share/texlive/texmf-dist/tex/latex/oberdiek/grfext.sty
Package: grfext 2010/08/19 v1.1 Manage graphics extensions (HO)
)
Package grfext Info: Graphics extension search list:
(grfext)             [.png,.pdf,.jpg,.mps,.jpeg,.jbig2,.jb2,.PNG,.PDF,.JPG,.JPE
G,.JBIG2,.JB2,.eps]
(grfext)             \AppendGraphicsExtensions on input line 452.

(/usr/share/texlive/texmf-dist/tex/latex/latexconfig/epstopdf-sys.cfg
File: epstopdf-sys.cfg 2010/07/13 v1.3 Configuration of (r)epstopdf for TeX Liv
e
))
(/usr/share/texlive/texmf-dist/tex/latex/ms/ragged2e.sty
Package: ragged2e 2009/05/21 v2.1 ragged2e Package (MS)

(/usr/share/texlive/texmf-dist/tex/latex/ms/everysel.sty
Package: everysel 2011/10/28 v1.2 EverySelectfont Package (MS)

ABD: EverySelectfont initializing macros
LaTeX Info: Redefining \selectfont on input line 126.
)
\CenteringLeftskip=\skip76
\RaggedLeftLeftskip=\skip77
\RaggedRightLeftskip=\skip78
\CenteringRightskip=\skip79
\RaggedLeftRightskip=\skip80
\RaggedRightRightskip=\skip81
\CenteringParfillskip=\skip82
\RaggedLeftParfillskip=\skip83
\RaggedRightParfillskip=\skip84
\JustifyingParfillskip=\skip85
\CenteringParindent=\skip86
\RaggedLeftParindent=\skip87
\RaggedRightParindent=\skip88
\JustifyingParindent=\skip89
)
\c@lstlisting=\count178
Package caption Info: Begin \AtBeginDocument code.
Package caption Info: hyperref package is loaded.
Package caption Info: longtable package is loaded.

(/usr/share/texlive/texmf-dist/tex/latex/caption/ltcaption.sty
Package: ltcaption 2013/06/09 v1.4-94 longtable captions (AR)
)
Package caption Info: supertabular package is loaded.
Package caption Info: End \AtBeginDocument code.

ABD: EveryShipout initializing macros
\AtBeginShipoutBox=\box42
Package hyperref Info: Link coloring ON on input line 94.

(/usr/share/texlive/texmf-dist/tex/latex/hyperref/nameref.sty
Package: nameref 2012/10/27 v2.43 Cross-referencing by name of section

(/usr/share/texlive/texmf-dist/tex/generic/oberdiek/gettitlestring.sty
Package: gettitlestring 2010/12/03 v1.4 Cleanup title references (HO)
)
\c@section@level=\count179
)
LaTeX Info: Redefining \ref on input line 94.
LaTeX Info: Redefining \pageref on input line 94.
LaTeX Info: Redefining \nameref on input line 94.
\@outlinefile=\write5
\openout5 = `main.out'.


*geometry* driver: auto-detecting
*geometry* detected driver: pdftex
*geometry* verbose mode - [ preamble ] result:
* driver: pdftex
* paper: a4paper
* layout: <same size as paper>
* layoutoffset:(h,v)=(0.0pt,0.0pt)
* modes: 
* h-part:(L,W,R)=(22.76219pt, 551.98349pt, 22.76219pt)
* v-part:(T,H,B)=(42.67912pt, 759.6886pt, 42.67912pt)
* \paperwidth=597.50787pt
* \paperheight=845.04684pt
* \textwidth=551.98349pt
* \textheight=759.6886pt
* \oddsidemargin=-49.5078pt
* \evensidemargin=-49.5078pt
* \topmargin=-66.59087pt
* \headheight=12.0pt
* \headsep=25.0pt
* \topskip=10.0pt
* \footskip=30.0pt
* \marginparwidth=57.0pt
* \marginparsep=11.0pt
* \columnsep=10.0pt
* \skip\footins=9.0pt plus 4.0pt minus 2.0pt
* \hoffset=0.0pt
* \voffset=0.0pt
* \mag=1000
* \@twocolumnfalse
* \@twosidefalse
* \@mparswitchfalse
* \@reversemarginfalse
* (1in=72.27pt=25.4mm, 1cm=28.453pt)

LaTeX Font Info:    Try loading font information for U+msa on input line 99.
(/usr/share/texlive/texmf-dist/tex/latex/amsfonts/umsa.fd
File: umsa.fd 2013/01/14 v3.01 AMS symbols A
)
LaTeX Font Info:    Try loading font information for U+msb on input line 99.

(/usr/share/texlive/texmf-dist/tex/latex/amsfonts/umsb.fd
File: umsb.fd 2013/01/14 v3.01 AMS symbols B
)
<Images1/icon2.png, id=7, 747.79375pt x 747.79375pt>
File: Images1/icon2.png Graphic file (type png)
 <use Images1/icon2.png>
Package pdftex.def Info: Images1/icon2.png used on input line 105.
(pdftex.def)             Requested size: 165.59673pt x 165.5877pt.

[1

\openout3 = `main.ist'.



{/var/lib/texmf/fonts/map/pdftex/updmap/pdftex.map} <./Images1/icon2.png>]
LaTeX Font Info:    Try loading font information for OMS+cmr on input line 114.


(/usr/share/texlive/texmf-dist/tex/latex/base/omscmr.fd
File: omscmr.fd 2014/09/29 v2.5h Standard LaTeX font definitions
)
LaTeX Font Info:    Font shape `OMS/cmr/m/n' in size <10> not available
(Font)              Font shape `OMS/cmsy/m/n' tried instead on input line 114.
 [2]
\openout2 = `Q1.aux'.

 (./Q1.tex

LaTeX Warning: Citation `13' on page 3 undefined on input line 3.


LaTeX Warning: Reference `1' on page 3 undefined on input line 3.


LaTeX Warning: Reference `2' on page 3 undefined on input line 3.

<Images1/1.jpg, id=28, 1204.5pt x 903.375pt>
File: Images1/1.jpg Graphic file (type jpg)
 <use Images1/1.jpg>
Package pdftex.def Info: Images1/1.jpg used on input line 8.
(pdftex.def)             Requested size: 193.19337pt x 144.88756pt.

<Images1/2.jpg, id=29, 1204.5pt x 903.375pt>
File: Images1/2.jpg Graphic file (type jpg)
 <use Images1/2.jpg>
Package pdftex.def Info: Images1/2.jpg used on input line 13.
(pdftex.def)             Requested size: 193.19337pt x 144.88756pt.

<Images1/IndividualComponents.jpg, id=30, 2569.6pt x 1328.965pt>
File: Images1/IndividualComponents.jpg Graphic file (type jpg)

<use Images1/IndividualComponents.jpg>
Package pdftex.def Info: Images1/IndividualComponents.jpg used on input line 23
.
(pdftex.def)             Requested size: 441.58847pt x 228.37474pt.


LaTeX Warning: Citation `21' on page 3 undefined on input line 27.


LaTeX Warning: Reference `3' on page 3 undefined on input line 27.


LaTeX Warning: Reference `4' on page 3 undefined on input line 27.

<Images1/39.jpg, id=31, 1204.5pt x 903.375pt>
File: Images1/39.jpg Graphic file (type jpg)
 <use Images1/39.jpg>
Package pdftex.def Info: Images1/39.jpg used on input line 33.
(pdftex.def)             Requested size: 193.19337pt x 144.88756pt.

<Images1/40.jpg, id=32, 1204.5pt x 903.375pt>
File: Images1/40.jpg Graphic file (type jpg)
 <use Images1/40.jpg>
Package pdftex.def Info: Images1/40.jpg used on input line 38.
(pdftex.def)             Requested size: 193.19337pt x 144.88756pt.


LaTeX Warning: Citation `1' on page 3 undefined on input line 44.


LaTeX Warning: Reference `A1' on page 3 undefined on input line 46.


LaTeX Warning: Reference `3' on page 3 undefined on input line 46.


LaTeX Warning: Reference `4' on page 3 undefined on input line 46.


LaTeX Warning: Citation `2' on page 3 undefined on input line 47.


LaTeX Warning: Citation `11' on page 3 undefined on input line 50.

Missing character: There is no â in font cmr10!
Missing character: There is no € in font cmr10!
Missing character: There is no “ in font cmr10!
Missing character: There is no Ã in font cmr10!
Missing character: There is no ¨ in font cmr10!
[3

 <./Images1/1.jpg> <./Images1/2.jpg> <./Images1/IndividualComponents.jpg>]
<Images1/27.jpg, id=44, 1204.5pt x 903.375pt>
File: Images1/27.jpg Graphic file (type jpg)
 <use Images1/27.jpg>
Package pdftex.def Info: Images1/27.jpg used on input line 56.
(pdftex.def)             Requested size: 193.19337pt x 144.88756pt.

<Images1/28.jpg, id=45, 1204.5pt x 903.375pt>
File: Images1/28.jpg Graphic file (type jpg)
 <use Images1/28.jpg>
Package pdftex.def Info: Images1/28.jpg used on input line 61.
(pdftex.def)             Requested size: 193.19337pt x 144.88756pt.


LaTeX Warning: Reference `3' on page 4 undefined on input line 67.


LaTeX Warning: Reference `2' on page 4 undefined on input line 67.


LaTeX Warning: Citation `3' on page 4 undefined on input line 74.


LaTeX Warning: Citation `2' on page 4 undefined on input line 76.


LaTeX Warning: Citation `2' on page 4 undefined on input line 78.


LaTeX Warning: Citation `2' on page 4 undefined on input line 80.


LaTeX Warning: Citation `5' on page 4 undefined on input line 82.

[4 <./Images1/39.jpg> <./Images1/40.jpg> <./Images1/27.jpg> <./Images1/28.jpg>]

LaTeX Warning: Citation `6' on page 5 undefined on input line 86.

) [5]
\openout2 = `Q2.aux'.

 (./Q2.tex

LaTeX Warning: Reference `EDS' on page 6 undefined on input line 3.


LaTeX Warning: Reference `eq1' on page 6 undefined on input line 3.


LaTeX Warning: Reference `Ap2' on page 6 undefined on input line 12.


LaTeX Warning: Citation `7' on page 6 undefined on input line 15.


LaTeX Warning: Reference `Ap3' on page 6 undefined on input line 15.


LaTeX Warning: Reference `Nadya1' on page 6 undefined on input line 17.


LaTeX Warning: Reference `Nadya2' on page 6 undefined on input line 17.


LaTeX Warning: Reference `Nadya3' on page 6 undefined on input line 19.


LaTeX Warning: Reference `Nadya4' on page 6 undefined on input line 21.

! Missing { inserted.
<to be read again> 
                   }
l.21 ...e estimation. On the other hand, $HTLS_{_}
                                                  $$PK_{_}$$FD$ outperforms ...

? 
! Missing } inserted.
<inserted text> 
                }
l.21 ... estimation. On the other hand, $HTLS_{_}$
                                                  $PK_{_}$$FD$ outperforms H...

? 
! Missing { inserted.
<to be read again> 
                   }
l.21 ...tion. On the other hand, $HTLS_{_}$$PK_{_}
                                                  $$FD$ outperforms HTLS bas...

? 
! Missing } inserted.
<inserted text> 
                }
l.21 ...ion. On the other hand, $HTLS_{_}$$PK_{_}$
                                                  $FD$ outperforms HTLS base...

? 

LaTeX Warning: Reference `Nadya4' on page 6 undefined on input line 21.

! Missing { inserted.
<to be read again> 
                   }
l.21 ... average the error introduced by $HTLS_{_}
                                                  $$PK_{_}$$FD$ sits on lowe...

? 
! Missing } inserted.
<inserted text> 
                }
l.21 ...average the error introduced by $HTLS_{_}$
                                                  $PK_{_}$$FD$ sits on lower...

? 
! Missing { inserted.
<to be read again> 
                   }
l.21 ... the error introduced by $HTLS_{_}$$PK_{_}
                                                  $$FD$ sits on lower values...

? 
! Missing } inserted.
<inserted text> 
                }
l.21 ...the error introduced by $HTLS_{_}$$PK_{_}$
                                                  $FD$ sits on lower values ...

? 

LaTeX Warning: Reference `Nadya5' on page 6 undefined on input line 23.


LaTeX Warning: Reference `Nadya6' on page 6 undefined on input line 23.


LaTeX Warning: Reference `Nadya7' on page 6 undefined on input line 23.

<Images1/114.jpg, id=63, 2569.6pt x 1328.965pt>
File: Images1/114.jpg Graphic file (type jpg)
 <use Images1/114.jpg>
Package pdftex.def Info: Images1/114.jpg used on input line 28.
(pdftex.def)             Requested size: 275.99174pt x 142.73927pt.

<Images1/115.jpg, id=64, 2569.6pt x 1328.965pt>
File: Images1/115.jpg Graphic file (type jpg)
 <use Images1/115.jpg>
Package pdftex.def Info: Images1/115.jpg used on input line 33.
(pdftex.def)             Requested size: 275.99174pt x 142.73927pt.

<Images1/RMSE.jpg, id=65, 2569.6pt x 1328.965pt>
File: Images1/RMSE.jpg Graphic file (type jpg)
 <use Images1/RMSE.jpg>
Package pdftex.def Info: Images1/RMSE.jpg used on input line 42.
(pdftex.def)             Requested size: 386.38675pt x 199.82283pt.

(./Textfiles/5.txt)

LaTeX Warning: Citation `7' on page 6 undefined on input line 65.


LaTeX Warning: Citation `8' on page 6 undefined on input line 65.


LaTeX Warning: Reference `A2' on page 6 undefined on input line 65.

[6


 <./Images1/114.jpg> <./Images1/115.jpg>]

LaTeX Warning: Citation `9' on page 7 undefined on input line 67.


LaTeX Warning: Citation `10' on page 7 undefined on input line 69.


LaTeX Warning: Citation `10' on page 7 undefined on input line 75.

[7 <./Images1/RMSE.jpg>])
\openout2 = `Q3.aux'.

 (./Q3.tex

LaTeX Warning: Reference `eq2' on page 8 undefined on input line 38.


LaTeX Warning: Citation `11' on page 8 undefined on input line 44.


LaTeX Warning: Reference `eq3' on page 8 undefined on input line 44.


LaTeX Warning: Reference `eq2' on page 8 undefined on input line 44.


LaTeX Warning: Reference `Ap3' on page 8 undefined on input line 50.


LaTeX Warning: Citation `5' on page 8 undefined on input line 50.


LaTeX Warning: Citation `14' on page 8 undefined on input line 52.


LaTeX Warning: Reference `Ap31' on page 8 undefined on input line 52.


LaTeX Warning: Citation `13' on page 8 undefined on input line 52.


LaTeX Warning: Citation `14' on page 8 undefined on input line 52.

<Images1/final.jpg, id=87, 2569.6pt x 1328.965pt>
File: Images1/final.jpg Graphic file (type jpg)
 <use Images1/final.jpg>
Package pdftex.def Info: Images1/final.jpg used on input line 67.
(pdftex.def)             Requested size: 275.99174pt x 142.73927pt.

<Images1/final1.jpg, id=88, 2569.6pt x 1369.115pt>
File: Images1/final1.jpg Graphic file (type jpg)
 <use Images1/final1.jpg>
Package pdftex.def Info: Images1/final1.jpg used on input line 72.
(pdftex.def)             Requested size: 275.99174pt x 147.05165pt.


LaTeX Warning: Reference `sec1' on page 8 undefined on input line 79.


LaTeX Warning: Reference `Nadya11' on page 8 undefined on input line 79.


LaTeX Warning: Reference `sec2' on page 8 undefined on input line 79.


LaTeX Warning: Reference `Ap32' on page 8 undefined on input line 79.


LaTeX Warning: Reference `Nadya12' on page 8 undefined on input line 79.


LaTeX Warning: Reference `eq5' on page 8 undefined on input line 98.


LaTeX Warning: Reference `eq5' on page 8 undefined on input line 103.


LaTeX Warning: Citation `11' on page 8 undefined on input line 103.


LaTeX Warning: Reference `tab11' on page 8 undefined on input line 103.


LaTeX Warning: Citation `11' on page 8 undefined on input line 103.

[8


]

LaTeX Warning: Citation `14' on page 9 undefined on input line 107.


LaTeX Warning: Reference `tab11' on page 9 undefined on input line 107.


LaTeX Warning: Citation `15' on page 9 undefined on input line 107.

) [9 <./Images1/final.jpg> <./Images1/final1.jpg>]
\openout2 = `Q4.aux'.

 (./Q4.tex

LaTeX Warning: Reference `US1' on page 10 undefined on input line 3.


LaTeX Warning: Reference `US2' on page 10 undefined on input line 5.


LaTeX Warning: Reference `UST1' on page 10 undefined on input line 5.


LaTeX Warning: Reference `UST2' on page 10 undefined on input line 5.

<Images1/800.jpg, id=121, 1205.50375pt x 904.37875pt>
File: Images1/800.jpg Graphic file (type jpg)
 <use Images1/800.jpg>
Package pdftex.def Info: Images1/800.jpg used on input line 11.
(pdftex.def)             Requested size: 275.99174pt x 207.05055pt.

<Images1/801.jpg, id=122, 1205.50375pt x 904.37875pt>
File: Images1/801.jpg Graphic file (type jpg)
 <use Images1/801.jpg>
Package pdftex.def Info: Images1/801.jpg used on input line 16.
(pdftex.def)             Requested size: 275.99174pt x 207.05055pt.

<Images1/802.jpg, id=123, 1205.50375pt x 904.37875pt>
File: Images1/802.jpg Graphic file (type jpg)
 <use Images1/802.jpg>
Package pdftex.def Info: Images1/802.jpg used on input line 30.
(pdftex.def)             Requested size: 551.98349pt x 414.10112pt.


LaTeX Warning: Reference `US3' on page 10 undefined on input line 37.


LaTeX Warning: Reference `UST3' on page 10 undefined on input line 37.


LaTeX Warning: Reference `UST4' on page 10 undefined on input line 37.


LaTeX Warning: Reference `UST5' on page 10 undefined on input line 37.


LaTeX Warning: Reference `US3' on page 10 undefined on input line 37.


LaTeX Warning: Reference `SNR1' on page 10 undefined on input line 51.


LaTeX Warning: Reference `tab12' on page 10 undefined on input line 51.


LaTeX Warning: Reference `US3' on page 10 undefined on input line 51.

) [10


 <./Images1/800.jpg> <./Images1/801.jpg>] [11 <./Images1/802.jpg>]
No file main.bbl.
\openout2 = `Ap1.aux'.

(./Ap1.tex <Images1/3.jpg, id=142, 1204.5pt x 903.375pt>
File: Images1/3.jpg Graphic file (type jpg)
 <use Images1/3.jpg>
Package pdftex.def Info: Images1/3.jpg used on input line 13.
(pdftex.def)             Requested size: 234.59467pt x 175.94376pt.

<Images1/4.jpg, id=143, 1204.5pt x 903.375pt>
File: Images1/4.jpg Graphic file (type jpg)
 <use Images1/4.jpg>
Package pdftex.def Info: Images1/4.jpg used on input line 13.
(pdftex.def)             Requested size: 234.59467pt x 175.94376pt.

<Images1/5.jpg, id=144, 1204.5pt x 903.375pt>
File: Images1/5.jpg Graphic file (type jpg)
 <use Images1/5.jpg>
Package pdftex.def Info: Images1/5.jpg used on input line 13.
(pdftex.def)             Requested size: 234.59467pt x 175.94376pt.

<Images1/6.jpg, id=145, 1204.5pt x 903.375pt>
File: Images1/6.jpg Graphic file (type jpg)
 <use Images1/6.jpg>
Package pdftex.def Info: Images1/6.jpg used on input line 13.
(pdftex.def)             Requested size: 234.59467pt x 175.94376pt.

<Images1/7.jpg, id=146, 1204.5pt x 903.375pt>
File: Images1/7.jpg Graphic file (type jpg)
 <use Images1/7.jpg>
Package pdftex.def Info: Images1/7.jpg used on input line 13.
(pdftex.def)             Requested size: 234.59467pt x 175.94376pt.

<Images1/8.jpg, id=147, 1204.5pt x 903.375pt>
File: Images1/8.jpg Graphic file (type jpg)
 <use Images1/8.jpg>
Package pdftex.def Info: Images1/8.jpg used on input line 13.
(pdftex.def)             Requested size: 234.59467pt x 175.94376pt.

<Images1/9.jpg, id=148, 1204.5pt x 903.375pt>
File: Images1/9.jpg Graphic file (type jpg)
 <use Images1/9.jpg>
Package pdftex.def Info: Images1/9.jpg used on input line 13.
(pdftex.def)             Requested size: 234.59467pt x 175.94376pt.

<Images1/10.jpg, id=149, 1204.5pt x 903.375pt>
File: Images1/10.jpg Graphic file (type jpg)
 <use Images1/10.jpg>
Package pdftex.def Info: Images1/10.jpg used on input line 13.
(pdftex.def)             Requested size: 234.59467pt x 175.94376pt.

Overfull \hbox (10.00002pt too wide) in paragraph at lines 13--14
[]$[]$ $[]$
 []


Overfull \hbox (10.00002pt too wide) in paragraph at lines 13--14
[]$ $[]$
 []


Overfull \hbox (10.00002pt too wide) in paragraph at lines 13--14
[]$ $[]$
 []


Overfull \hbox (10.00002pt too wide) in paragraph at lines 13--14
[]$ $[]$
 []


Underfull \hbox (badness 10000) in paragraph at lines 13--14

 []

<Images1/11.jpg, id=150, 1204.5pt x 903.375pt>
File: Images1/11.jpg Graphic file (type jpg)
 <use Images1/11.jpg>
Package pdftex.def Info: Images1/11.jpg used on input line 23.
(pdftex.def)             Requested size: 234.59467pt x 175.94376pt.

<Images1/12.jpg, id=151, 1204.5pt x 903.375pt>
File: Images1/12.jpg Graphic file (type jpg)
 <use Images1/12.jpg>
Package pdftex.def Info: Images1/12.jpg used on input line 23.
(pdftex.def)             Requested size: 234.59467pt x 175.94376pt.

<Images1/13.jpg, id=152, 1204.5pt x 903.375pt>
File: Images1/13.jpg Graphic file (type jpg)
 <use Images1/13.jpg>
Package pdftex.def Info: Images1/13.jpg used on input line 23.
(pdftex.def)             Requested size: 234.59467pt x 175.94376pt.

<Images1/14.jpg, id=153, 1204.5pt x 903.375pt>
File: Images1/14.jpg Graphic file (type jpg)
 <use Images1/14.jpg>
Package pdftex.def Info: Images1/14.jpg used on input line 23.
(pdftex.def)             Requested size: 234.59467pt x 175.94376pt.

<Images1/15.jpg, id=154, 1204.5pt x 903.375pt>
File: Images1/15.jpg Graphic file (type jpg)
 <use Images1/15.jpg>
Package pdftex.def Info: Images1/15.jpg used on input line 23.
(pdftex.def)             Requested size: 234.59467pt x 175.94376pt.

<Images1/16.jpg, id=155, 1204.5pt x 903.375pt>
File: Images1/16.jpg Graphic file (type jpg)
 <use Images1/16.jpg>
Package pdftex.def Info: Images1/16.jpg used on input line 23.
(pdftex.def)             Requested size: 234.59467pt x 175.94376pt.

<Images1/17.jpg, id=156, 1204.5pt x 903.375pt>
File: Images1/17.jpg Graphic file (type jpg)
 <use Images1/17.jpg>
Package pdftex.def Info: Images1/17.jpg used on input line 23.
(pdftex.def)             Requested size: 234.59467pt x 175.94376pt.

<Images1/18.jpg, id=157, 1204.5pt x 903.375pt>
File: Images1/18.jpg Graphic file (type jpg)
 <use Images1/18.jpg>
Package pdftex.def Info: Images1/18.jpg used on input line 23.
(pdftex.def)             Requested size: 234.59467pt x 175.94376pt.

Overfull \hbox (10.00002pt too wide) in paragraph at lines 23--24
[]$[]$ $[]$
 []


Overfull \hbox (10.00002pt too wide) in paragraph at lines 23--24
[]$ $[]$
 []


Overfull \hbox (10.00002pt too wide) in paragraph at lines 23--24
[]$ $[]$
 []


Overfull \hbox (10.00002pt too wide) in paragraph at lines 23--24
[]$ $[]$
 []


Underfull \hbox (badness 10000) in paragraph at lines 23--24

 []

<Images1/19.jpg, id=158, 1204.5pt x 903.375pt>
File: Images1/19.jpg Graphic file (type jpg)
 <use Images1/19.jpg>
Package pdftex.def Info: Images1/19.jpg used on input line 32.
(pdftex.def)             Requested size: 234.59467pt x 175.94376pt.

<Images1/20.jpg, id=159, 1204.5pt x 903.375pt>
File: Images1/20.jpg Graphic file (type jpg)
 <use Images1/20.jpg>
Package pdftex.def Info: Images1/20.jpg used on input line 32.
(pdftex.def)             Requested size: 234.59467pt x 175.94376pt.

<Images1/21.jpg, id=160, 1204.5pt x 903.375pt>
File: Images1/21.jpg Graphic file (type jpg)
 <use Images1/21.jpg>
Package pdftex.def Info: Images1/21.jpg used on input line 32.
(pdftex.def)             Requested size: 234.59467pt x 175.94376pt.

<Images1/22.jpg, id=161, 1204.5pt x 903.375pt>
File: Images1/22.jpg Graphic file (type jpg)
 <use Images1/22.jpg>
Package pdftex.def Info: Images1/22.jpg used on input line 32.
(pdftex.def)             Requested size: 234.59467pt x 175.94376pt.

<Images1/23.jpg, id=162, 1204.5pt x 903.375pt>
File: Images1/23.jpg Graphic file (type jpg)
 <use Images1/23.jpg>
Package pdftex.def Info: Images1/23.jpg used on input line 32.
(pdftex.def)             Requested size: 234.59467pt x 175.94376pt.

<Images1/24.jpg, id=163, 1204.5pt x 903.375pt>
File: Images1/24.jpg Graphic file (type jpg)
 <use Images1/24.jpg>
Package pdftex.def Info: Images1/24.jpg used on input line 32.
(pdftex.def)             Requested size: 234.59467pt x 175.94376pt.

<Images1/25.jpg, id=164, 1204.5pt x 903.375pt>
File: Images1/25.jpg Graphic file (type jpg)
 <use Images1/25.jpg>
Package pdftex.def Info: Images1/25.jpg used on input line 32.
(pdftex.def)             Requested size: 234.59467pt x 175.94376pt.

<Images1/26.jpg, id=165, 1204.5pt x 903.375pt>
File: Images1/26.jpg Graphic file (type jpg)
 <use Images1/26.jpg>
Package pdftex.def Info: Images1/26.jpg used on input line 32.
(pdftex.def)             Requested size: 234.59467pt x 175.94376pt.

Overfull \hbox (10.00002pt too wide) in paragraph at lines 32--33
[]$[]$ $[]$
 []


Overfull \hbox (10.00002pt too wide) in paragraph at lines 32--33
[]$ $[]$
 []


Overfull \hbox (10.00002pt too wide) in paragraph at lines 32--33
[]$ $[]$
 []


Overfull \hbox (10.00002pt too wide) in paragraph at lines 32--33
[]$ $[]$
 []


Underfull \hbox (badness 10000) in paragraph at lines 32--33

 []

File: Images1/27.jpg Graphic file (type jpg)
<use Images1/27.jpg>
Package pdftex.def Info: Images1/27.jpg used on input line 41.
(pdftex.def)             Requested size: 234.59467pt x 175.94376pt.
File: Images1/28.jpg Graphic file (type jpg)
 <use Images1/28.jpg>
Package pdftex.def Info: Images1/28.jpg used on input line 41.
(pdftex.def)             Requested size: 234.59467pt x 175.94376pt.

Overfull \hbox (10.00002pt too wide) in paragraph at lines 41--42
[]$[]$ $[]$
 []


Underfull \hbox (badness 10000) in paragraph at lines 41--42

 []

<Images1/icon3.png, id=166, 299.61937pt x 330.48468pt>
File: Images1/icon3.png Graphic file (type png)
 <use Images1/icon3.png>
Package pdftex.def Info: Images1/icon3.png used on input line 47.
(pdftex.def)             Requested size: 275.99174pt x 304.44797pt.
) [12




] [13 <./Images1/3.jpg> <./Images1/4.jpg> <./Images1/5.jpg> <./Images1/6.jpg> <
./Images1/7.jpg> <./Images1/8.jpg> <./Images1/9.jpg> <./Images1/10.jpg>]
[14 <./Images1/11.jpg> <./Images1/12.jpg> <./Images1/13.jpg> <./Images1/14.jpg>
 <./Images1/15.jpg> <./Images1/16.jpg> <./Images1/17.jpg> <./Images1/18.jpg>]
[15 <./Images1/19.jpg> <./Images1/20.jpg> <./Images1/21.jpg> <./Images1/22.jpg>
 <./Images1/23.jpg> <./Images1/24.jpg> <./Images1/25.jpg> <./Images1/26.jpg>]
[16 <./Images1/icon3.png>]
\openout2 = `Ap2.aux'.

 (./Ap2.tex
<Images1/103.jpg, id=206, 1204.5pt x 903.375pt>
File: Images1/103.jpg Graphic file (type jpg)
 <use Images1/103.jpg>
Package pdftex.def Info: Images1/103.jpg used on input line 10.
(pdftex.def)             Requested size: 275.99174pt x 206.98618pt.

<Images1/105.jpg, id=207, 1204.5pt x 903.375pt>
File: Images1/105.jpg Graphic file (type jpg)
 <use Images1/105.jpg>
Package pdftex.def Info: Images1/105.jpg used on input line 11.
(pdftex.def)             Requested size: 275.99174pt x 206.98618pt.

<Images1/107.jpg, id=208, 1204.5pt x 903.375pt>
File: Images1/107.jpg Graphic file (type jpg)
 <use Images1/107.jpg>
Package pdftex.def Info: Images1/107.jpg used on input line 12.
(pdftex.def)             Requested size: 275.99174pt x 206.98618pt.

<Images1/109.jpg, id=209, 1204.5pt x 903.375pt>
File: Images1/109.jpg Graphic file (type jpg)
 <use Images1/109.jpg>
Package pdftex.def Info: Images1/109.jpg used on input line 17.
(pdftex.def)             Requested size: 275.99174pt x 206.98618pt.

<Images1/111.jpg, id=210, 1204.5pt x 903.375pt>
File: Images1/111.jpg Graphic file (type jpg)
 <use Images1/111.jpg>
Package pdftex.def Info: Images1/111.jpg used on input line 18.
(pdftex.def)             Requested size: 275.99174pt x 206.98618pt.

<Images1/113.jpg, id=211, 1204.5pt x 903.375pt>
File: Images1/113.jpg Graphic file (type jpg)
 <use Images1/113.jpg>
Package pdftex.def Info: Images1/113.jpg used on input line 19.
(pdftex.def)             Requested size: 275.99174pt x 206.98618pt.
 [17


 <./Images1/103.jpg> <./Images1/105.jpg> <./Images1/107.jpg> <./Images1/109.jpg
> <./Images1/111.jpg> <./Images1/113.jpg>]
\c@themenumber=\count180

<Images1/102.jpg, id=221, 2569.6pt x 1328.965pt>
File: Images1/102.jpg Graphic file (type jpg)
 <use Images1/102.jpg>
Package pdftex.def Info: Images1/102.jpg used on input line 36.
(pdftex.def)             Requested size: 551.98349pt x 285.47856pt.

<Images1/104.jpg, id=222, 2569.6pt x 1328.965pt>
File: Images1/104.jpg Graphic file (type jpg)
 <use Images1/104.jpg>
Package pdftex.def Info: Images1/104.jpg used on input line 36.
(pdftex.def)             Requested size: 551.98349pt x 285.47856pt.

<Images1/106.jpg, id=223, 2569.6pt x 1328.965pt>
File: Images1/106.jpg Graphic file (type jpg)
 <use Images1/106.jpg>
Package pdftex.def Info: Images1/106.jpg used on input line 36.
(pdftex.def)             Requested size: 551.98349pt x 285.47856pt.

<Images1/108.jpg, id=224, 2569.6pt x 1328.965pt>
File: Images1/108.jpg Graphic file (type jpg)
 <use Images1/108.jpg>
Package pdftex.def Info: Images1/108.jpg used on input line 36.
(pdftex.def)             Requested size: 551.98349pt x 285.47856pt.

<Images1/110.jpg, id=225, 2569.6pt x 1328.965pt>
File: Images1/110.jpg Graphic file (type jpg)
 <use Images1/110.jpg>
Package pdftex.def Info: Images1/110.jpg used on input line 36.
(pdftex.def)             Requested size: 551.98349pt x 285.47856pt.

<Images1/112.jpg, id=226, 2569.6pt x 1328.965pt>
File: Images1/112.jpg Graphic file (type jpg)
 <use Images1/112.jpg>
Package pdftex.def Info: Images1/112.jpg used on input line 36.
(pdftex.def)             Requested size: 551.98349pt x 285.47856pt.
 [18 <./Images1/102.jpg> <./Images1/104.jpg>] [19 <./Images1/106.jpg> <./Images
1/108.jpg>] [20 <./Images1/110.jpg> <./Images1/112.jpg>] (./Textfiles/11.txt)
(./Textfiles/1.txt) (./Textfiles/11.txt) (./Textfiles/2.txt)
(./Textfiles/11.txt) (./Textfiles/3.txt) (./Textfiles/11.txt)
(./Textfiles/4.txt) [21] [22] [23] [24]
Underfull \hbox (badness 10000) in paragraph at lines 139--140

 []


Underfull \hbox (badness 10000) in paragraph at lines 153--154

 []

[25] [26]

! Package amsmath Error: \tilde allowed only in math mode.

See the amsmath package documentation for explanation.
Type  H <return>  for immediate help.
 ...                                              
                                                  
l.306 ...em HSVD: compute an estimate of \tilde{Z}
                                                   by solving hte above set ...

? 

! Package amsmath Error: \tilde allowed only in math mode.

See the amsmath package documentation for explanation.
Type  H <return>  for immediate help.
 ...                                              
                                                  
l.307 ...em HTLS: compute an estimate of \tilde{Z}
                                                   by solving hte above set ...

? clc
Type <return> to proceed, S to scroll future error messages,
R to run without stopping, Q to run quietly,
I to insert something, E to edit your file,
1 or ... or 9 to ignore the next 1 to 9 tokens of input,
H for help, X to quit.
? 
) [27]
\openout2 = `Ap3.aux'.

 (./Ap3.tex (./Textfiles/10.txt) (./Textfiles/6.txt) (./Textfiles/10.txt) (./Te
xtfiles/7.txt) (./Textfiles/10.txt) (./Textfiles/8.txt)
(./Textfiles/10.txt) (./Textfiles/9.txt) [28


] [29]

! Package amsmath Error: \hat allowed only in math mode.

See the amsmath package documentation for explanation.
Type  H <return>  for immediate help.
 ...                                              
                                                  
l.101 ...onal the the reconstructed matrix \hat{H}
                                                   which leads to a the the ...

? 
[30]) [31]
\openout2 = `Ap4.aux'.

 (./Ap4.tex <Images1/803.jpg, id=371, 1205.50375pt x 904.37875pt>
File: Images1/803.jpg Graphic file (type jpg)

<use Images1/803.jpg>
Package pdftex.def Info: Images1/803.jpg used on input line 8.
(pdftex.def)             Requested size: 275.99174pt x 207.05055pt.
 <Images1/804.jpg, id=372, 1205.50375pt x 904.37875pt>
File: Images1/804.jpg Graphic file (type jpg)

<use Images1/804.jpg>
Package pdftex.def Info: Images1/804.jpg used on input line 10.
(pdftex.def)             Requested size: 275.99174pt x 207.05055pt.
 <Images1/805.jpg, id=373, 1205.50375pt x 904.37875pt>
File: Images1/805.jpg Graphic file (type jpg)

<use Images1/805.jpg>
Package pdftex.def Info: Images1/805.jpg used on input line 15.
(pdftex.def)             Requested size: 275.99174pt x 207.05055pt.
 <Images1/806.jpg, id=374, 1205.50375pt x 904.37875pt>
File: Images1/806.jpg Graphic file (type jpg)

<use Images1/806.jpg>
Package pdftex.def Info: Images1/806.jpg used on input line 17.
(pdftex.def)             Requested size: 275.99174pt x 207.05055pt.
 <Images1/807.jpg, id=375, 1205.50375pt x 904.37875pt>
File: Images1/807.jpg Graphic file (type jpg)

<use Images1/807.jpg>
Package pdftex.def Info: Images1/807.jpg used on input line 25.
(pdftex.def)             Requested size: 551.98349pt x 414.10112pt.
) [32


 <./Images1/803.jpg> <./Images1/804.jpg> <./Images1/805.jpg> <./Images1/806.jpg
>] [33 <./Images1/807.jpg>]

Package glossaries Warning: No \printglossary or \printglossaries found.
(Remove \makeglossaries if you don't want any glossaries.)
This document will not have a glossary.

Package atveryend Info: Empty hook `BeforeClearDocument' on input line 141.
Package atveryend Info: Empty hook `AfterLastShipout' on input line 141.
(./main.aux (./Q1.aux) (./Q2.aux) (./Q3.aux) (./Q4.aux) (./Ap1.aux) (./Ap2.aux)
(./Ap3.aux) (./Ap4.aux))
Package atveryend Info: Executing hook `AtVeryEndDocument' on input line 141.
Package atveryend Info: Executing hook `AtEndAfterFileList' on input line 141.


Package rerunfilecheck Warning: File `main.out' has changed.
(rerunfilecheck)                Rerun to get outlines right
(rerunfilecheck)                or use package `bookmark'.

Package rerunfilecheck Info: Checksums for `main.out':
(rerunfilecheck)             Before: <no file>
(rerunfilecheck)             After:  CC1372DDE16FA34E8FF14A27FD167FEB;1665.

LaTeX Warning: There were undefined references.


LaTeX Warning: Label(s) may have changed. Rerun to get cross-references right.

Package atveryend Info: Empty hook `AtVeryVeryEnd' on input line 141.
 ) 
Here is how much of TeX's memory you used:
 19678 strings out of 494910
 324877 string characters out of 6179836
 485889 words of memory out of 5000000
 22362 multiletter control sequences out of 15000+600000
 12855 words of font info for 49 fonts, out of 8000000 for 9000
 36 hyphenation exceptions out of 8191
 59i,14n,94p,1917b,552s stack positions out of 5000i,500n,10000p,200000b,80000s
</usr/share/texlive/texmf-dist/fonts/type1/public/amsfonts/cm/cmbx10.pfb></us
r/share/texlive/texmf-dist/fonts/type1/public/amsfonts/cm/cmbx12.pfb></usr/shar
e/texlive/texmf-dist/fonts/type1/public/amsfonts/cm/cmbxti10.pfb></usr/share/te
xlive/texmf-dist/fonts/type1/public/amsfonts/cm/cmex10.pfb></usr/share/texlive/
texmf-dist/fonts/type1/public/amsfonts/cm/cmmi10.pfb></usr/share/texlive/texmf-
dist/fonts/type1/public/amsfonts/cm/cmmi5.pfb></usr/share/texlive/texmf-dist/fo
nts/type1/public/amsfonts/cm/cmmi6.pfb></usr/share/texlive/texmf-dist/fonts/typ
e1/public/amsfonts/cm/cmmi7.pfb></usr/share/texlive/texmf-dist/fonts/type1/publ
ic/amsfonts/cm/cmmi8.pfb></usr/share/texlive/texmf-dist/fonts/type1/public/amsf
onts/cm/cmr10.pfb></usr/share/texlive/texmf-dist/fonts/type1/public/amsfonts/cm
/cmr12.pfb></usr/share/texlive/texmf-dist/fonts/type1/public/amsfonts/cm/cmr17.
pfb></usr/share/texlive/texmf-dist/fonts/type1/public/amsfonts/cm/cmr5.pfb></us
r/share/texlive/texmf-dist/fonts/type1/public/amsfonts/cm/cmr6.pfb></usr/share/
texlive/texmf-dist/fonts/type1/public/amsfonts/cm/cmr7.pfb></usr/share/texlive/
texmf-dist/fonts/type1/public/amsfonts/cm/cmr8.pfb></usr/share/texlive/texmf-di
st/fonts/type1/public/amsfonts/cm/cmr9.pfb></usr/share/texlive/texmf-dist/fonts
/type1/public/amsfonts/cm/cmsy10.pfb></usr/share/texlive/texmf-dist/fonts/type1
/public/amsfonts/cm/cmsy5.pfb></usr/share/texlive/texmf-dist/fonts/type1/public
/amsfonts/cm/cmsy7.pfb></usr/share/texlive/texmf-dist/fonts/type1/public/amsfon
ts/cm/cmti12.pfb>
Output written on main.pdf (33 pages, 6405279 bytes).
PDF statistics:
 486 PDF objects out of 1000 (max. 8388607)
 368 compressed objects within 4 object streams
 130 named destinations out of 1000 (max. 500000)
 291 words of extra memory for PDF output out of 10000 (max. 10000000)

